LOFO: holding out 'mosfet' (train 2000 / OOD-val 1000)
vocab=186  train=2000  val=1000  device=cuda
params=4.85M
epoch  1  train 4.4532  val 4.0088  (0.5s)
epoch  2  train 3.1709  val 3.2646  (0.3s)
epoch  3  train 2.3297  val 2.7320  (0.3s)
epoch  4  train 1.7031  val 2.4235  (0.3s)
epoch  5  train 1.2441  val 2.2525  (0.2s)
epoch  6  train 0.9244  val 2.1843  (0.3s)
epoch  7  train 0.7168  val 2.1606  (0.3s)
epoch  8  train 0.5895  val 2.1759  (0.3s)
epoch  9  train 0.5124  val 2.1950  (0.2s)
epoch 10  train 0.4655  val 2.2116  (0.3s)
epoch 11  train 0.4353  val 2.2463  (0.3s)
epoch 12  train 0.4140  val 2.2660  (0.3s)
epoch 13  train 0.4003  val 2.3013  (0.3s)
epoch 14  train 0.3888  val 2.3259  (0.3s)
epoch 15  train 0.3809  val 2.3452  (0.3s)
epoch 16  train 0.3744  val 2.3899  (0.3s)
epoch 17  train 0.3675  val 2.4069  (0.3s)
epoch 18  train 0.3615  val 2.4368  (0.3s)
epoch 19  train 0.3581  val 2.4703  (0.2s)
epoch 20  train 0.3550  val 2.4743  (0.3s)
epoch 21  train 0.3530  val 2.5137  (0.3s)
epoch 22  train 0.3505  val 2.5405  (0.3s)
epoch 23  train 0.3484  val 2.5499  (0.2s)
epoch 24  train 0.3478  val 2.5818  (0.3s)
epoch 25  train 0.3465  val 2.6015  (0.3s)
epoch 26  train 0.3452  val 2.6262  (0.2s)
epoch 27  train 0.3441  val 2.6552  (0.3s)
epoch 28  train 0.3428  val 2.6546  (0.3s)
epoch 29  train 0.3426  val 2.7075  (0.3s)
epoch 30  train 0.3417  val 2.7294  (0.3s)
done. best val loss 2.1606. checkpoints + log in process_lm\runs\ood\mosfet_real
LOFO: holding out 'mosfet' (train 2000 / OOD-val 1000)
vocab=186  train=2000  val=1000  device=cuda
params=4.85M
epoch  1  train 4.4574  val 4.0026  (0.5s)
epoch  2  train 3.1809  val 3.2604  (0.2s)
epoch  3  train 2.3354  val 2.7335  (0.3s)
epoch  4  train 1.7080  val 2.4225  (0.2s)
epoch  5  train 1.2488  val 2.2510  (0.3s)
epoch  6  train 0.9296  val 2.1789  (0.3s)
epoch  7  train 0.7221  val 2.1513  (0.2s)
epoch  8  train 0.5946  val 2.1690  (0.3s)
epoch  9  train 0.5169  val 2.1885  (0.3s)
epoch 10  train 0.4696  val 2.2126  (0.2s)
epoch 11  train 0.4392  val 2.2491  (0.3s)
epoch 12  train 0.4177  val 2.2681  (0.2s)
epoch 13  train 0.4039  val 2.3066  (0.2s)
epoch 14  train 0.3923  val 2.3384  (0.3s)
epoch 15  train 0.3845  val 2.3565  (0.2s)
epoch 16  train 0.3779  val 2.4038  (0.3s)
epoch 17  train 0.3708  val 2.4186  (0.2s)
epoch 18  train 0.3650  val 2.4642  (0.2s)
epoch 19  train 0.3617  val 2.4971  (0.2s)
epoch 20  train 0.3583  val 2.5048  (0.3s)
epoch 21  train 0.3562  val 2.5240  (0.2s)
epoch 22  train 0.3540  val 2.5464  (0.3s)
epoch 23  train 0.3518  val 2.5574  (0.3s)
epoch 24  train 0.3513  val 2.6054  (0.2s)
epoch 25  train 0.3499  val 2.6257  (0.2s)
epoch 26  train 0.3484  val 2.6528  (0.2s)
epoch 27  train 0.3474  val 2.6779  (0.3s)
epoch 28  train 0.3460  val 2.6689  (0.2s)
epoch 29  train 0.3458  val 2.7201  (0.2s)
epoch 30  train 0.3450  val 2.7491  (0.3s)
done. best val loss 2.1513. checkpoints + log in process_lm\runs\ood\mosfet_real_fd15
LOFO: holding out 'mosfet' (train 2000 / OOD-val 1000)
vocab=186  train=2000  val=1000  device=cuda
params=4.85M
epoch  1  train 4.4602  val 3.9980  (0.5s)
epoch  2  train 3.1846  val 3.2572  (0.3s)
epoch  3  train 2.3359  val 2.7319  (0.3s)
epoch  4  train 1.7088  val 2.4188  (0.3s)
epoch  5  train 1.2504  val 2.2513  (0.2s)
epoch  6  train 0.9315  val 2.1771  (0.3s)
epoch  7  train 0.7243  val 2.1511  (0.3s)
epoch  8  train 0.5969  val 2.1686  (0.3s)
epoch  9  train 0.5190  val 2.1891  (0.3s)
epoch 10  train 0.4715  val 2.2151  (0.3s)
epoch 11  train 0.4409  val 2.2538  (0.3s)
epoch 12  train 0.4193  val 2.2712  (0.2s)
epoch 13  train 0.4053  val 2.3100  (0.2s)
epoch 14  train 0.3938  val 2.3380  (0.3s)
epoch 15  train 0.3861  val 2.3611  (0.3s)
epoch 16  train 0.3793  val 2.4031  (0.2s)
epoch 17  train 0.3721  val 2.4249  (0.3s)
epoch 18  train 0.3664  val 2.4679  (0.3s)
epoch 19  train 0.3630  val 2.5080  (0.3s)
epoch 20  train 0.3599  val 2.5191  (0.2s)
epoch 21  train 0.3580  val 2.5293  (0.3s)
epoch 22  train 0.3555  val 2.5529  (0.3s)
epoch 23  train 0.3533  val 2.5614  (0.3s)
epoch 24  train 0.3528  val 2.6056  (0.3s)
epoch 25  train 0.3515  val 2.6356  (0.3s)
epoch 26  train 0.3501  val 2.6714  (0.3s)
epoch 27  train 0.3488  val 2.6951  (0.2s)
epoch 28  train 0.3475  val 2.6822  (0.3s)
epoch 29  train 0.3472  val 2.7347  (0.3s)
epoch 30  train 0.3464  val 2.7636  (0.3s)
done. best val loss 2.1511. checkpoints + log in process_lm\runs\ood\mosfet_real_fd30
LOFO: holding out 'mosfet' (train 2000 / OOD-val 1000)
augment: +8000 hybrid routes (pool=['igbt', 'ic'], tag=random) -> train 10000
vocab=186  train=10000  val=1000  device=cuda
params=4.85M
epoch  1  train 2.6643  val 2.2112  (1.4s)
epoch  2  train 0.7195  val 2.1194  (1.1s)
epoch  3  train 0.4502  val 2.2756  (1.1s)
epoch  4  train 0.4008  val 2.3950  (1.1s)
epoch  5  train 0.3848  val 2.4730  (1.1s)
epoch  6  train 0.3786  val 2.6909  (1.1s)
epoch  7  train 0.3743  val 3.0004  (1.1s)
epoch  8  train 0.3709  val 3.1856  (1.1s)
epoch  9  train 0.3692  val 3.3854  (1.1s)
epoch 10  train 0.3688  val 3.4918  (1.1s)
epoch 11  train 0.3676  val 3.6093  (1.1s)
epoch 12  train 0.3669  val 3.6010  (1.1s)
epoch 13  train 0.3661  val 3.7416  (1.1s)
epoch 14  train 0.3662  val 3.9257  (1.1s)
epoch 15  train 0.3660  val 3.9278  (1.1s)
epoch 16  train 0.3653  val 3.8751  (1.1s)
epoch 17  train 0.3649  val 3.9830  (1.1s)
epoch 18  train 0.3653  val 3.9095  (1.1s)
epoch 19  train 0.3647  val 3.9687  (1.1s)
epoch 20  train 0.3640  val 4.0031  (1.1s)
epoch 21  train 0.3640  val 4.0194  (1.1s)
epoch 22  train 0.3640  val 3.9889  (1.1s)
epoch 23  train 0.3638  val 3.9288  (1.1s)
epoch 24  train 0.3636  val 3.9138  (1.1s)
epoch 25  train 0.3633  val 3.9757  (1.1s)
epoch 26  train 0.3633  val 4.2348  (1.1s)
epoch 27  train 0.3631  val 4.1763  (1.1s)
epoch 28  train 0.3629  val 4.4303  (1.1s)
epoch 29  train 0.3626  val 4.2401  (1.1s)
epoch 30  train 0.3627  val 4.0149  (1.1s)
done. best val loss 2.1194. checkpoints + log in process_lm\runs\ood\mosfet_hyb8k
device=cuda  hold_out=mosfet  epochs=30  configs=robust

[train:real] (real only)
[done:real] valid=0.762(unk 0.762)  top1=0.640 shared=0.640 unk=0.645  ppl=8.66

[train:real_fd15] --family-dropout 0.15
[done:real_fd15] valid=0.762(unk 0.762)  top1=0.630 shared=0.630 unk=0.615  ppl=8.58

[train:real_fd30] --family-dropout 0.30
[done:real_fd30] valid=0.762(unk 0.762)  top1=0.620 shared=0.620 unk=0.600  ppl=8.57

[train:hyb8k] --add-hybrids 8000 --hybrid-tag random
[done:hyb8k] valid=0.950(unk 0.963)  top1=0.670 shared=0.670 unk=0.670  ppl=8.30

=== OOD LEVER COMPARISON (hold-out mosfet); unk-token columns = true 4th-family proxy ===
  config         valid   vUNK   top1 shared  t1UNK     ppl
  hyb8k          0.950  0.963  0.670  0.670  0.670    8.30
  real           0.762  0.762  0.640  0.640  0.645    8.66
  real_fd15      0.762  0.762  0.630  0.630  0.615    8.58
  real_fd30      0.762  0.762  0.620  0.620  0.600    8.57

  WINNER (by unk-token top1): hyb8k  (top1_unk 0.670, valid_unk 0.963)
########## IGBT ##########
LOFO: holding out 'igbt' (train 2000 / OOD-val 1000)
vocab=179  train=2000  val=1000  device=cuda
params=4.85M
epoch  1  train 4.3714  val 4.0508  (0.5s)
epoch  2  train 3.0522  val 3.4005  (0.2s)
epoch  3  train 2.1869  val 2.9798  (0.2s)
epoch  4  train 1.5707  val 2.7302  (0.2s)
epoch  5  train 1.1383  val 2.5893  (0.2s)
epoch  6  train 0.8518  val 2.5313  (0.2s)
epoch  7  train 0.6710  val 2.5175  (0.2s)
epoch  8  train 0.5601  val 2.5319  (0.2s)
epoch  9  train 0.4932  val 2.5595  (0.2s)
epoch 10  train 0.4516  val 2.5953  (0.2s)
epoch 11  train 0.4240  val 2.6402  (0.2s)
epoch 12  train 0.4055  val 2.6745  (0.2s)
epoch 13  train 0.3920  val 2.7034  (0.2s)
epoch 14  train 0.3816  val 2.7412  (0.2s)
epoch 15  train 0.3737  val 2.7892  (0.2s)
epoch 16  train 0.3680  val 2.8126  (0.2s)
epoch 17  train 0.3641  val 2.8834  (0.2s)
epoch 18  train 0.3602  val 2.9304  (0.2s)
epoch 19  train 0.3576  val 2.9643  (0.2s)
epoch 20  train 0.3548  val 3.0054  (0.2s)
epoch 21  train 0.3520  val 3.0479  (0.2s)
epoch 22  train 0.3500  val 3.1255  (0.2s)
epoch 23  train 0.3492  val 3.1426  (0.2s)
epoch 24  train 0.3480  val 3.1810  (0.2s)
epoch 25  train 0.3458  val 3.2076  (0.2s)
epoch 26  train 0.3451  val 3.2273  (0.2s)
epoch 27  train 0.3443  val 3.3027  (0.2s)
epoch 28  train 0.3433  val 3.3792  (0.2s)
epoch 29  train 0.3428  val 3.3847  (0.2s)
epoch 30  train 0.3421  val 3.4475  (0.2s)
done. best val loss 2.5175. checkpoints + log in process_lm\runs\ood\igbt_real
LOFO: holding out 'igbt' (train 2000 / OOD-val 1000)
vocab=179  train=2000  val=1000  device=cuda
params=4.85M
epoch  1  train 4.3714  val 4.0456  (0.5s)
epoch  2  train 3.0539  val 3.3917  (0.2s)
epoch  3  train 2.1908  val 2.9706  (0.2s)
epoch  4  train 1.5761  val 2.7210  (0.2s)
epoch  5  train 1.1439  val 2.5875  (0.2s)
epoch  6  train 0.8578  val 2.5318  (0.2s)
epoch  7  train 0.6765  val 2.5185  (0.2s)
epoch  8  train 0.5652  val 2.5356  (0.2s)
epoch  9  train 0.4975  val 2.5628  (0.2s)
epoch 10  train 0.4558  val 2.6017  (0.2s)
epoch 11  train 0.4280  val 2.6522  (0.2s)
epoch 12  train 0.4094  val 2.6824  (0.2s)
epoch 13  train 0.3959  val 2.7162  (0.2s)
epoch 14  train 0.3852  val 2.7496  (0.2s)
epoch 15  train 0.3774  val 2.8023  (0.2s)
epoch 16  train 0.3719  val 2.8242  (0.2s)
epoch 17  train 0.3681  val 2.8959  (0.2s)
epoch 18  train 0.3642  val 2.9474  (0.2s)
epoch 19  train 0.3617  val 2.9838  (0.2s)
epoch 20  train 0.3587  val 3.0211  (0.2s)
epoch 21  train 0.3561  val 3.0521  (0.2s)
epoch 22  train 0.3540  val 3.1330  (0.2s)
epoch 23  train 0.3529  val 3.1601  (0.2s)
epoch 24  train 0.3517  val 3.1823  (0.2s)
epoch 25  train 0.3495  val 3.2101  (0.2s)
epoch 26  train 0.3487  val 3.2432  (0.2s)
epoch 27  train 0.3481  val 3.3158  (0.2s)
epoch 28  train 0.3469  val 3.3960  (0.2s)
epoch 29  train 0.3466  val 3.4031  (0.2s)
epoch 30  train 0.3462  val 3.4572  (0.2s)
done. best val loss 2.5185. checkpoints + log in process_lm\runs\ood\igbt_real_fd15
LOFO: holding out 'igbt' (train 2000 / OOD-val 1000)
vocab=179  train=2000  val=1000  device=cuda
params=4.85M
epoch  1  train 4.3689  val 4.0429  (0.8s)
epoch  2  train 3.0489  val 3.3858  (0.4s)
epoch  3  train 2.1890  val 2.9689  (0.3s)
epoch  4  train 1.5768  val 2.7217  (0.3s)
epoch  5  train 1.1456  val 2.5886  (0.3s)
epoch  6  train 0.8598  val 2.5337  (0.3s)
epoch  7  train 0.6787  val 2.5234  (0.3s)
epoch  8  train 0.5671  val 2.5409  (0.3s)
epoch  9  train 0.4994  val 2.5657  (0.3s)
epoch 10  train 0.4575  val 2.6059  (0.3s)
epoch 11  train 0.4298  val 2.6549  (0.3s)
epoch 12  train 0.4111  val 2.6840  (0.3s)
epoch 13  train 0.3976  val 2.7166  (0.3s)
epoch 14  train 0.3869  val 2.7503  (0.3s)
epoch 15  train 0.3791  val 2.8041  (0.3s)
epoch 16  train 0.3735  val 2.8243  (0.3s)
epoch 17  train 0.3696  val 2.8996  (0.3s)
epoch 18  train 0.3657  val 2.9456  (0.3s)
epoch 19  train 0.3631  val 2.9809  (0.3s)
epoch 20  train 0.3605  val 3.0118  (0.3s)
epoch 21  train 0.3578  val 3.0552  (0.3s)
epoch 22  train 0.3558  val 3.1242  (0.3s)
epoch 23  train 0.3546  val 3.1481  (0.3s)
epoch 24  train 0.3535  val 3.1902  (0.3s)
epoch 25  train 0.3513  val 3.2065  (0.3s)
epoch 26  train 0.3505  val 3.2388  (0.3s)
epoch 27  train 0.3498  val 3.3035  (0.3s)
epoch 28  train 0.3485  val 3.3871  (0.3s)
epoch 29  train 0.3480  val 3.3895  (0.3s)
epoch 30  train 0.3474  val 3.4572  (0.3s)
done. best val loss 2.5234. checkpoints + log in process_lm\runs\ood\igbt_real_fd30
LOFO: holding out 'igbt' (train 2000 / OOD-val 1000)
augment: +8000 hybrid routes (pool=['mosfet', 'ic'], tag=random) -> train 10000
vocab=179  train=10000  val=1000  device=cuda
params=4.85M
epoch  1  train 2.5541  val 2.4878  (1.4s)
epoch  2  train 0.6766  val 2.5606  (1.1s)
epoch  3  train 0.4360  val 2.7248  (1.1s)
epoch  4  train 0.3955  val 3.0903  (1.1s)
epoch  5  train 0.3819  val 3.2825  (1.1s)
epoch  6  train 0.3752  val 3.5239  (1.1s)
epoch  7  train 0.3716  val 3.5723  (1.1s)
epoch  8  train 0.3695  val 3.5962  (1.1s)
epoch  9  train 0.3684  val 3.6397  (1.1s)
epoch 10  train 0.3678  val 3.7504  (1.1s)
epoch 11  train 0.3663  val 3.8387  (1.1s)
epoch 12  train 0.3662  val 3.8710  (1.1s)
epoch 13  train 0.3659  val 3.9108  (1.1s)
epoch 14  train 0.3649  val 3.9376  (1.1s)
epoch 15  train 0.3651  val 4.1044  (1.1s)
epoch 16  train 0.3649  val 3.9694  (1.1s)
epoch 17  train 0.3642  val 3.9743  (1.1s)
epoch 18  train 0.3639  val 4.0257  (1.1s)
epoch 19  train 0.3642  val 4.0527  (1.1s)
epoch 20  train 0.3638  val 4.0804  (1.1s)
epoch 21  train 0.3632  val 4.0964  (1.1s)
epoch 22  train 0.3631  val 4.2969  (1.1s)
epoch 23  train 0.3632  val 4.0840  (1.1s)
epoch 24  train 0.3626  val 4.2485  (1.1s)
epoch 25  train 0.3629  val 4.2247  (1.1s)
epoch 26  train 0.3625  val 4.1224  (1.1s)
epoch 27  train 0.3626  val 4.2737  (1.1s)
epoch 28  train 0.3624  val 4.1598  (1.1s)
epoch 29  train 0.3622  val 4.1432  (1.1s)
epoch 30  train 0.3622  val 4.0587  (1.1s)
done. best val loss 2.4878. checkpoints + log in process_lm\runs\ood\igbt_hyb8k
device=cuda  hold_out=igbt  epochs=30  configs=robust

[train:real] (real only)
[done:real] valid=0.662(unk 0.662)  top1=0.670 shared=0.687 unk=0.685  ppl=12.53

[train:real_fd15] --family-dropout 0.15
[done:real_fd15] valid=0.662(unk 0.662)  top1=0.700 shared=0.718 unk=0.700  ppl=12.54

[train:real_fd30] --family-dropout 0.30
[done:real_fd30] valid=0.662(unk 0.662)  top1=0.700 shared=0.718 unk=0.715  ppl=12.61

[train:hyb8k] --add-hybrids 8000 --hybrid-tag random
[done:hyb8k] valid=0.475(unk 0.475)  top1=0.700 shared=0.718 unk=0.690  ppl=12.16

=== OOD LEVER COMPARISON (hold-out igbt); unk-token columns = true 4th-family proxy ===
  config         valid   vUNK   top1 shared  t1UNK     ppl
  real_fd30      0.662  0.662  0.700  0.718  0.715   12.61
  real_fd15      0.662  0.662  0.700  0.718  0.700   12.54
  hyb8k          0.475  0.475  0.700  0.718  0.690   12.16
  real           0.662  0.662  0.670  0.687  0.685   12.53

  WINNER (by unk-token top1): real_fd30  (top1_unk 0.715, valid_unk 0.662)
