LOFO: holding out 'mosfet' (train 2000 / OOD-val 1000)
vocab=186  train=2000  val=1000  device=cuda
params=4.85M
epoch  1  train 4.4804  val 4.0911  (0.5s)
epoch  2  train 3.2205  val 3.3582  (0.3s)
epoch  3  train 2.3753  val 2.8553  (0.3s)
epoch  4  train 1.7423  val 2.5040  (0.2s)
epoch  5  train 1.2702  val 2.2969  (0.2s)
epoch  6  train 0.9409  val 2.2064  (0.3s)
epoch  7  train 0.7266  val 2.1764  (0.3s)
epoch  8  train 0.5951  val 2.1728  (0.3s)
epoch  9  train 0.5161  val 2.1909  (0.3s)
epoch 10  train 0.4673  val 2.2073  (0.3s)
epoch 11  train 0.4361  val 2.2129  (0.3s)
epoch 12  train 0.4159  val 2.2374  (0.3s)
epoch 13  train 0.4007  val 2.2710  (0.3s)
epoch 14  train 0.3899  val 2.2975  (0.3s)
epoch 15  train 0.3818  val 2.3302  (0.3s)
epoch 16  train 0.3748  val 2.3626  (0.3s)
epoch 17  train 0.3694  val 2.3785  (0.3s)
epoch 18  train 0.3638  val 2.3787  (0.3s)
epoch 19  train 0.3592  val 2.3971  (0.3s)
epoch 20  train 0.3556  val 2.4094  (0.3s)
epoch 21  train 0.3530  val 2.4448  (0.3s)
epoch 22  train 0.3509  val 2.4336  (0.3s)
epoch 23  train 0.3497  val 2.4623  (0.3s)
epoch 24  train 0.3474  val 2.4964  (0.2s)
epoch 25  train 0.3456  val 2.5149  (0.3s)
epoch 26  train 0.3451  val 2.5313  (0.3s)
epoch 27  train 0.3440  val 2.5660  (0.3s)
epoch 28  train 0.3433  val 2.6015  (0.3s)
epoch 29  train 0.3424  val 2.5759  (0.2s)
epoch 30  train 0.3416  val 2.6096  (0.2s)
done. best val loss 2.1728. checkpoints + log in process_lm\runs\seedstudy\mosfet_real_s1
LOFO: holding out 'mosfet' (train 2000 / OOD-val 1000)
vocab=186  train=2000  val=1000  device=cuda
params=4.85M
epoch  1  train 4.4144  val 4.0464  (0.5s)
epoch  2  train 3.1475  val 3.3050  (0.2s)
epoch  3  train 2.2967  val 2.8129  (0.3s)
epoch  4  train 1.6754  val 2.5233  (0.3s)
epoch  5  train 1.2240  val 2.3668  (0.3s)
epoch  6  train 0.9106  val 2.3211  (0.3s)
epoch  7  train 0.7074  val 2.3238  (0.3s)
epoch  8  train 0.5837  val 2.3319  (0.3s)
epoch  9  train 0.5088  val 2.3763  (0.3s)
epoch 10  train 0.4630  val 2.4243  (0.3s)
epoch 11  train 0.4332  val 2.4862  (0.3s)
epoch 12  train 0.4128  val 2.4961  (0.3s)
epoch 13  train 0.3995  val 2.5173  (0.2s)
epoch 14  train 0.3895  val 2.5628  (0.3s)
epoch 15  train 0.3812  val 2.6001  (0.3s)
epoch 16  train 0.3730  val 2.6310  (0.3s)
epoch 17  train 0.3662  val 2.6311  (0.3s)
epoch 18  train 0.3614  val 2.6834  (0.3s)
epoch 19  train 0.3578  val 2.7050  (0.3s)
epoch 20  train 0.3548  val 2.7251  (0.3s)
epoch 21  train 0.3525  val 2.7402  (0.3s)
epoch 22  train 0.3501  val 2.7707  (0.3s)
epoch 23  train 0.3484  val 2.7703  (0.3s)
epoch 24  train 0.3472  val 2.8047  (0.3s)
epoch 25  train 0.3454  val 2.8280  (0.3s)
epoch 26  train 0.3445  val 2.8381  (0.3s)
epoch 27  train 0.3438  val 2.8852  (0.3s)
epoch 28  train 0.3430  val 2.9016  (0.2s)
epoch 29  train 0.3422  val 2.9264  (0.3s)
epoch 30  train 0.3417  val 2.9656  (0.3s)
done. best val loss 2.3211. checkpoints + log in process_lm\runs\seedstudy\mosfet_real_s2
LOFO: holding out 'mosfet' (train 2000 / OOD-val 1000)
vocab=186  train=2000  val=1000  device=cuda
params=4.85M
epoch  1  train 4.4786  val 4.1945  (0.5s)
epoch  2  train 3.2082  val 3.3814  (0.3s)
epoch  3  train 2.3582  val 2.8532  (0.3s)
epoch  4  train 1.7340  val 2.5107  (0.3s)
epoch  5  train 1.2717  val 2.3334  (0.3s)
epoch  6  train 0.9445  val 2.2560  (0.3s)
epoch  7  train 0.7287  val 2.2292  (0.3s)
epoch  8  train 0.5972  val 2.2344  (0.2s)
epoch  9  train 0.5168  val 2.2493  (0.2s)
epoch 10  train 0.4675  val 2.2958  (0.2s)
epoch 11  train 0.4370  val 2.2967  (0.3s)
epoch 12  train 0.4168  val 2.2919  (0.3s)
epoch 13  train 0.4009  val 2.3232  (0.3s)
epoch 14  train 0.3902  val 2.3506  (0.3s)
epoch 15  train 0.3819  val 2.3917  (0.3s)
epoch 16  train 0.3749  val 2.3631  (0.2s)
epoch 17  train 0.3690  val 2.4105  (0.3s)
epoch 18  train 0.3631  val 2.4041  (0.3s)
epoch 19  train 0.3583  val 2.3981  (0.2s)
epoch 20  train 0.3554  val 2.4272  (0.2s)
epoch 21  train 0.3530  val 2.4641  (0.2s)
epoch 22  train 0.3507  val 2.4910  (0.3s)
epoch 23  train 0.3486  val 2.4964  (0.2s)
epoch 24  train 0.3478  val 2.5234  (0.2s)
epoch 25  train 0.3464  val 2.5158  (0.3s)
epoch 26  train 0.3451  val 2.5442  (0.3s)
epoch 27  train 0.3441  val 2.5505  (0.2s)
epoch 28  train 0.3434  val 2.5763  (0.2s)
epoch 29  train 0.3423  val 2.5947  (0.3s)
epoch 30  train 0.3419  val 2.5950  (0.3s)
done. best val loss 2.2292. checkpoints + log in process_lm\runs\seedstudy\mosfet_real_s3
LOFO: holding out 'mosfet' (train 2000 / OOD-val 1000)
vocab=186  train=2000  val=1000  device=cuda
params=4.85M
epoch  1  train 4.4830  val 4.1782  (0.5s)
epoch  2  train 3.2105  val 3.4180  (0.2s)
epoch  3  train 2.3511  val 2.8803  (0.3s)
epoch  4  train 1.7237  val 2.4800  (0.2s)
epoch  5  train 1.2610  val 2.2584  (0.2s)
epoch  6  train 0.9374  val 2.1552  (0.3s)
epoch  7  train 0.7260  val 2.1057  (0.3s)
epoch  8  train 0.5958  val 2.1068  (0.3s)
epoch  9  train 0.5168  val 2.1310  (0.2s)
epoch 10  train 0.4683  val 2.1516  (0.3s)
epoch 11  train 0.4371  val 2.1841  (0.2s)
epoch 12  train 0.4155  val 2.2146  (0.2s)
epoch 13  train 0.4011  val 2.2400  (0.3s)
epoch 14  train 0.3890  val 2.2891  (0.2s)
epoch 15  train 0.3787  val 2.3164  (0.3s)
epoch 16  train 0.3709  val 2.3609  (0.3s)
epoch 17  train 0.3653  val 2.3972  (0.2s)
epoch 18  train 0.3606  val 2.4016  (0.3s)
epoch 19  train 0.3573  val 2.4788  (0.3s)
epoch 20  train 0.3543  val 2.4664  (0.2s)
epoch 21  train 0.3524  val 2.4882  (0.3s)
epoch 22  train 0.3504  val 2.5038  (0.3s)
epoch 23  train 0.3486  val 2.5119  (0.2s)
epoch 24  train 0.3472  val 2.5765  (0.3s)
epoch 25  train 0.3452  val 2.6032  (0.3s)
epoch 26  train 0.3443  val 2.6134  (0.3s)
epoch 27  train 0.3437  val 2.6372  (0.3s)
epoch 28  train 0.3432  val 2.6762  (0.3s)
epoch 29  train 0.3423  val 2.7020  (0.3s)
epoch 30  train 0.3416  val 2.7045  (0.3s)
done. best val loss 2.1057. checkpoints + log in process_lm\runs\seedstudy\mosfet_real_s4
LOFO: holding out 'mosfet' (train 2000 / OOD-val 1000)
vocab=186  train=2000  val=1000  device=cuda
params=4.85M
epoch  1  train 4.4841  val 4.0970  (0.5s)
epoch  2  train 3.2271  val 3.3487  (0.3s)
epoch  3  train 2.3835  val 2.8568  (0.3s)
epoch  4  train 1.7494  val 2.5007  (0.3s)
epoch  5  train 1.2768  val 2.2960  (0.3s)
epoch  6  train 0.9470  val 2.2087  (0.2s)
epoch  7  train 0.7327  val 2.1835  (0.3s)
epoch  8  train 0.6004  val 2.1802  (0.3s)
epoch  9  train 0.5211  val 2.2005  (0.3s)
epoch 10  train 0.4717  val 2.2177  (0.3s)
epoch 11  train 0.4402  val 2.2279  (0.3s)
epoch 12  train 0.4196  val 2.2527  (0.2s)
epoch 13  train 0.4045  val 2.2911  (0.3s)
epoch 14  train 0.3933  val 2.3171  (0.2s)
epoch 15  train 0.3854  val 2.3561  (0.2s)
epoch 16  train 0.3785  val 2.3876  (0.3s)
epoch 17  train 0.3734  val 2.4037  (0.2s)
epoch 18  train 0.3678  val 2.4058  (0.3s)
epoch 19  train 0.3630  val 2.4237  (0.3s)
epoch 20  train 0.3595  val 2.4363  (0.3s)
epoch 21  train 0.3566  val 2.4565  (0.3s)
epoch 22  train 0.3540  val 2.4555  (0.3s)
epoch 23  train 0.3528  val 2.4934  (0.3s)
epoch 24  train 0.3506  val 2.5258  (0.2s)
epoch 25  train 0.3489  val 2.5364  (0.3s)
epoch 26  train 0.3482  val 2.5644  (0.3s)
epoch 27  train 0.3471  val 2.5998  (0.3s)
epoch 28  train 0.3466  val 2.6347  (0.3s)
epoch 29  train 0.3456  val 2.6144  (0.2s)
epoch 30  train 0.3451  val 2.6502  (0.3s)
done. best val loss 2.1802. checkpoints + log in process_lm\runs\seedstudy\mosfet_real_fd15_s1
LOFO: holding out 'mosfet' (train 2000 / OOD-val 1000)
vocab=186  train=2000  val=1000  device=cuda
params=4.85M
epoch  1  train 4.4163  val 4.0407  (0.5s)
epoch  2  train 3.1472  val 3.2977  (0.2s)
epoch  3  train 2.2971  val 2.8041  (0.3s)
epoch  4  train 1.6781  val 2.5124  (0.3s)
epoch  5  train 1.2274  val 2.3575  (0.3s)
epoch  6  train 0.9144  val 2.3135  (0.2s)
epoch  7  train 0.7117  val 2.3155  (0.3s)
epoch  8  train 0.5879  val 2.3280  (0.2s)
epoch  9  train 0.5127  val 2.3708  (0.3s)
epoch 10  train 0.4669  val 2.4197  (0.3s)
epoch 11  train 0.4370  val 2.4837  (0.3s)
epoch 12  train 0.4166  val 2.4980  (0.3s)
epoch 13  train 0.4029  val 2.5158  (0.2s)
epoch 14  train 0.3930  val 2.5597  (0.3s)
epoch 15  train 0.3844  val 2.5997  (0.3s)
epoch 16  train 0.3765  val 2.6316  (0.3s)
epoch 17  train 0.3697  val 2.6307  (0.2s)
epoch 18  train 0.3651  val 2.6852  (0.3s)
epoch 19  train 0.3612  val 2.7133  (0.2s)
epoch 20  train 0.3583  val 2.7277  (0.3s)
epoch 21  train 0.3557  val 2.7439  (0.3s)
epoch 22  train 0.3534  val 2.7760  (0.3s)
epoch 23  train 0.3517  val 2.7785  (0.3s)
epoch 24  train 0.3508  val 2.8140  (0.2s)
epoch 25  train 0.3489  val 2.8394  (0.3s)
epoch 26  train 0.3478  val 2.8464  (0.3s)
epoch 27  train 0.3474  val 2.8948  (0.3s)
epoch 28  train 0.3464  val 2.9251  (0.3s)
epoch 29  train 0.3455  val 2.9420  (0.3s)
epoch 30  train 0.3451  val 2.9813  (0.2s)
done. best val loss 2.3135. checkpoints + log in process_lm\runs\seedstudy\mosfet_real_fd15_s2
LOFO: holding out 'mosfet' (train 2000 / OOD-val 1000)
vocab=186  train=2000  val=1000  device=cuda
params=4.85M
epoch  1  train 4.4812  val 4.1991  (0.5s)
epoch  2  train 3.2133  val 3.3854  (0.3s)
epoch  3  train 2.3628  val 2.8542  (0.3s)
epoch  4  train 1.7374  val 2.5080  (0.3s)
epoch  5  train 1.2751  val 2.3308  (0.3s)
epoch  6  train 0.9487  val 2.2565  (0.3s)
epoch  7  train 0.7336  val 2.2279  (0.3s)
epoch  8  train 0.6018  val 2.2336  (0.3s)
epoch  9  train 0.5211  val 2.2485  (0.2s)
epoch 10  train 0.4718  val 2.2971  (0.2s)
epoch 11  train 0.4410  val 2.2999  (0.3s)
epoch 12  train 0.4205  val 2.2929  (0.3s)
epoch 13  train 0.4048  val 2.3280  (0.3s)
epoch 14  train 0.3938  val 2.3504  (0.3s)
epoch 15  train 0.3852  val 2.3964  (0.3s)
epoch 16  train 0.3784  val 2.3690  (0.2s)
epoch 17  train 0.3724  val 2.4077  (0.3s)
epoch 18  train 0.3661  val 2.4077  (0.3s)
epoch 19  train 0.3617  val 2.4037  (0.2s)
epoch 20  train 0.3588  val 2.4321  (0.3s)
epoch 21  train 0.3564  val 2.4579  (0.2s)
epoch 22  train 0.3540  val 2.4900  (0.3s)
epoch 23  train 0.3518  val 2.4930  (0.3s)
epoch 24  train 0.3512  val 2.5243  (0.3s)
epoch 25  train 0.3496  val 2.5239  (0.3s)
epoch 26  train 0.3484  val 2.5480  (0.2s)
epoch 27  train 0.3474  val 2.5555  (0.3s)
epoch 28  train 0.3467  val 2.5757  (0.3s)
epoch 29  train 0.3458  val 2.6045  (0.2s)
epoch 30  train 0.3453  val 2.6018  (0.3s)
done. best val loss 2.2279. checkpoints + log in process_lm\runs\seedstudy\mosfet_real_fd15_s3
LOFO: holding out 'mosfet' (train 2000 / OOD-val 1000)
vocab=186  train=2000  val=1000  device=cuda
params=4.85M
epoch  1  train 4.4835  val 4.1799  (0.5s)
epoch  2  train 3.2175  val 3.4099  (0.3s)
epoch  3  train 2.3576  val 2.8752  (0.3s)
epoch  4  train 1.7305  val 2.4739  (0.3s)
epoch  5  train 1.2673  val 2.2527  (0.3s)
epoch  6  train 0.9432  val 2.1481  (0.3s)
epoch  7  train 0.7318  val 2.1000  (0.3s)
epoch  8  train 0.6010  val 2.0987  (0.3s)
epoch  9  train 0.5214  val 2.1268  (0.3s)
epoch 10  train 0.4723  val 2.1460  (0.3s)
epoch 11  train 0.4410  val 2.1802  (0.3s)
epoch 12  train 0.4194  val 2.2127  (0.2s)
epoch 13  train 0.4048  val 2.2418  (0.3s)
epoch 14  train 0.3925  val 2.2934  (0.3s)
epoch 15  train 0.3820  val 2.3238  (0.3s)
epoch 16  train 0.3745  val 2.3601  (0.3s)
epoch 17  train 0.3689  val 2.3920  (0.3s)
epoch 18  train 0.3639  val 2.4086  (0.3s)
epoch 19  train 0.3608  val 2.4748  (0.3s)
epoch 20  train 0.3579  val 2.4596  (0.3s)
epoch 21  train 0.3559  val 2.4914  (0.3s)
epoch 22  train 0.3538  val 2.5142  (0.3s)
epoch 23  train 0.3518  val 2.5189  (0.3s)
epoch 24  train 0.3506  val 2.5727  (0.3s)
epoch 25  train 0.3487  val 2.6035  (0.3s)
epoch 26  train 0.3477  val 2.6186  (0.3s)
epoch 27  train 0.3469  val 2.6439  (0.3s)
epoch 28  train 0.3465  val 2.6798  (0.3s)
epoch 29  train 0.3458  val 2.7222  (0.3s)
epoch 30  train 0.3448  val 2.7289  (0.3s)
done. best val loss 2.0987. checkpoints + log in process_lm\runs\seedstudy\mosfet_real_fd15_s4
LOFO: holding out 'igbt' (train 2000 / OOD-val 1000)
vocab=179  train=2000  val=1000  device=cuda
params=4.85M
epoch  1  train 4.3871  val 4.0916  (0.5s)
epoch  2  train 3.0881  val 3.4816  (0.2s)
epoch  3  train 2.2253  val 3.0157  (0.2s)
epoch  4  train 1.6073  val 2.7442  (0.2s)
epoch  5  train 1.1650  val 2.5779  (0.2s)
epoch  6  train 0.8715  val 2.5239  (0.2s)
epoch  7  train 0.6846  val 2.5061  (0.2s)
epoch  8  train 0.5695  val 2.4999  (0.2s)
epoch  9  train 0.4991  val 2.5169  (0.2s)
epoch 10  train 0.4550  val 2.5403  (0.2s)
epoch 11  train 0.4267  val 2.5781  (0.2s)
epoch 12  train 0.4068  val 2.6005  (0.2s)
epoch 13  train 0.3928  val 2.6487  (0.2s)
epoch 14  train 0.3821  val 2.6662  (0.2s)
epoch 15  train 0.3748  val 2.7040  (0.2s)
epoch 16  train 0.3689  val 2.7262  (0.2s)
epoch 17  train 0.3636  val 2.7468  (0.2s)
epoch 18  train 0.3596  val 2.7781  (0.2s)
epoch 19  train 0.3578  val 2.8215  (0.2s)
epoch 20  train 0.3545  val 2.8239  (0.2s)
epoch 21  train 0.3519  val 2.8396  (0.2s)
epoch 22  train 0.3497  val 2.8794  (0.2s)
epoch 23  train 0.3484  val 2.8972  (0.2s)
epoch 24  train 0.3473  val 2.9198  (0.2s)
epoch 25  train 0.3467  val 2.9203  (0.2s)
epoch 26  train 0.3448  val 2.9381  (0.2s)
epoch 27  train 0.3450  val 2.9567  (0.2s)
epoch 28  train 0.3434  val 3.0062  (0.2s)
epoch 29  train 0.3418  val 3.0140  (0.2s)
epoch 30  train 0.3411  val 3.0539  (0.2s)
done. best val loss 2.4999. checkpoints + log in process_lm\runs\seedstudy\igbt_real_s1
LOFO: holding out 'igbt' (train 2000 / OOD-val 1000)
vocab=179  train=2000  val=1000  device=cuda
params=4.85M
epoch  1  train 4.3963  val 4.1213  (0.5s)
epoch  2  train 3.0624  val 3.5125  (0.2s)
epoch  3  train 2.1972  val 3.0486  (0.2s)
epoch  4  train 1.5770  val 2.7212  (0.2s)
epoch  5  train 1.1397  val 2.5581  (0.2s)
epoch  6  train 0.8524  val 2.5122  (0.2s)
epoch  7  train 0.6722  val 2.4932  (0.2s)
epoch  8  train 0.5604  val 2.5202  (0.2s)
epoch  9  train 0.4928  val 2.5505  (0.2s)
epoch 10  train 0.4510  val 2.5755  (0.2s)
epoch 11  train 0.4235  val 2.6083  (0.2s)
epoch 12  train 0.4057  val 2.6334  (0.2s)
epoch 13  train 0.3923  val 2.6843  (0.2s)
epoch 14  train 0.3831  val 2.7278  (0.2s)
epoch 15  train 0.3755  val 2.7521  (0.2s)
epoch 16  train 0.3687  val 2.7925  (0.2s)
epoch 17  train 0.3639  val 2.8000  (0.2s)
epoch 18  train 0.3615  val 2.8274  (0.2s)
epoch 19  train 0.3578  val 2.8589  (0.2s)
epoch 20  train 0.3553  val 2.8889  (0.2s)
epoch 21  train 0.3527  val 2.9012  (0.2s)
epoch 22  train 0.3507  val 2.9478  (0.2s)
epoch 23  train 0.3488  val 2.9658  (0.2s)
epoch 24  train 0.3474  val 2.9941  (0.2s)
epoch 25  train 0.3458  val 3.0126  (0.2s)
epoch 26  train 0.3452  val 3.0369  (0.2s)
epoch 27  train 0.3441  val 3.0729  (0.2s)
epoch 28  train 0.3436  val 3.0828  (0.2s)
epoch 29  train 0.3423  val 3.0970  (0.2s)
epoch 30  train 0.3416  val 3.1403  (0.2s)
done. best val loss 2.4932. checkpoints + log in process_lm\runs\seedstudy\igbt_real_s2
LOFO: holding out 'igbt' (train 2000 / OOD-val 1000)
vocab=179  train=2000  val=1000  device=cuda
params=4.85M
epoch  1  train 4.4046  val 4.1031  (0.5s)
epoch  2  train 3.1041  val 3.4452  (0.2s)
epoch  3  train 2.2370  val 3.0087  (0.2s)
epoch  4  train 1.6101  val 2.7282  (0.2s)
epoch  5  train 1.1643  val 2.5799  (0.2s)
epoch  6  train 0.8688  val 2.5274  (0.2s)
epoch  7  train 0.6807  val 2.5315  (0.2s)
epoch  8  train 0.5656  val 2.5541  (0.2s)
epoch  9  train 0.4956  val 2.6134  (0.2s)
epoch 10  train 0.4525  val 2.6582  (0.2s)
epoch 11  train 0.4253  val 2.7115  (0.2s)
epoch 12  train 0.4061  val 2.7799  (0.2s)
epoch 13  train 0.3929  val 2.7899  (0.2s)
epoch 14  train 0.3823  val 2.8414  (0.2s)
epoch 15  train 0.3743  val 2.8834  (0.2s)
epoch 16  train 0.3679  val 2.9093  (0.2s)
epoch 17  train 0.3644  val 2.9558  (0.2s)
epoch 18  train 0.3605  val 2.9976  (0.2s)
epoch 19  train 0.3574  val 3.0292  (0.2s)
epoch 20  train 0.3545  val 3.0404  (0.2s)
epoch 21  train 0.3518  val 3.0543  (0.2s)
epoch 22  train 0.3498  val 3.0955  (0.2s)
epoch 23  train 0.3485  val 3.1226  (0.2s)
epoch 24  train 0.3464  val 3.1194  (0.2s)
epoch 25  train 0.3454  val 3.1863  (0.2s)
epoch 26  train 0.3445  val 3.2253  (0.2s)
epoch 27  train 0.3439  val 3.2042  (0.2s)
epoch 28  train 0.3432  val 3.1963  (0.2s)
epoch 29  train 0.3425  val 3.2451  (0.2s)
epoch 30  train 0.3427  val 3.3393  (0.2s)
done. best val loss 2.5274. checkpoints + log in process_lm\runs\seedstudy\igbt_real_s3
LOFO: holding out 'igbt' (train 2000 / OOD-val 1000)
vocab=179  train=2000  val=1000  device=cuda
params=4.85M
epoch  1  train 4.4367  val 4.0958  (0.5s)
epoch  2  train 3.1214  val 3.4047  (0.2s)
epoch  3  train 2.2460  val 2.9678  (0.2s)
epoch  4  train 1.6183  val 2.7090  (0.2s)
epoch  5  train 1.1694  val 2.5922  (0.2s)
epoch  6  train 0.8719  val 2.5515  (0.2s)
epoch  7  train 0.6840  val 2.5367  (0.2s)
epoch  8  train 0.5683  val 2.5530  (0.2s)
epoch  9  train 0.4980  val 2.5823  (0.2s)
epoch 10  train 0.4539  val 2.6188  (0.2s)
epoch 11  train 0.4257  val 2.6526  (0.2s)
epoch 12  train 0.4061  val 2.6840  (0.2s)
epoch 13  train 0.3927  val 2.7197  (0.2s)
epoch 14  train 0.3825  val 2.7622  (0.2s)
epoch 15  train 0.3756  val 2.7880  (0.2s)
epoch 16  train 0.3686  val 2.8062  (0.2s)
epoch 17  train 0.3634  val 2.8303  (0.2s)
epoch 18  train 0.3601  val 2.8590  (0.2s)
epoch 19  train 0.3570  val 2.8990  (0.2s)
epoch 20  train 0.3542  val 2.9167  (0.2s)
epoch 21  train 0.3512  val 2.9139  (0.2s)
epoch 22  train 0.3500  val 2.9349  (0.2s)
epoch 23  train 0.3484  val 2.9738  (0.2s)
epoch 24  train 0.3472  val 2.9730  (0.2s)
epoch 25  train 0.3463  val 2.9820  (0.2s)
epoch 26  train 0.3450  val 3.0371  (0.2s)
epoch 27  train 0.3435  val 3.0464  (0.2s)
epoch 28  train 0.3429  val 3.0711  (0.2s)
epoch 29  train 0.3420  val 3.0724  (0.2s)
epoch 30  train 0.3421  val 3.1077  (0.2s)
done. best val loss 2.5367. checkpoints + log in process_lm\runs\seedstudy\igbt_real_s4
LOFO: holding out 'igbt' (train 2000 / OOD-val 1000)
vocab=179  train=2000  val=1000  device=cuda
params=4.85M
epoch  1  train 4.3886  val 4.0926  (0.5s)
epoch  2  train 3.0903  val 3.4798  (0.2s)
epoch  3  train 2.2270  val 3.0117  (0.2s)
epoch  4  train 1.6097  val 2.7410  (0.2s)
epoch  5  train 1.1690  val 2.5771  (0.2s)
epoch  6  train 0.8764  val 2.5242  (0.2s)
epoch  7  train 0.6898  val 2.5096  (0.2s)
epoch  8  train 0.5741  val 2.5043  (0.2s)
epoch  9  train 0.5036  val 2.5264  (0.2s)
epoch 10  train 0.4593  val 2.5525  (0.2s)
epoch 11  train 0.4309  val 2.5900  (0.2s)
epoch 12  train 0.4108  val 2.6101  (0.2s)
epoch 13  train 0.3967  val 2.6591  (0.2s)
epoch 14  train 0.3856  val 2.6823  (0.2s)
epoch 15  train 0.3786  val 2.7211  (0.2s)
epoch 16  train 0.3727  val 2.7388  (0.2s)
epoch 17  train 0.3676  val 2.7595  (0.2s)
epoch 18  train 0.3636  val 2.7892  (0.2s)
epoch 19  train 0.3617  val 2.8331  (0.2s)
epoch 20  train 0.3586  val 2.8391  (0.2s)
epoch 21  train 0.3557  val 2.8552  (0.2s)
epoch 22  train 0.3531  val 2.8897  (0.2s)
epoch 23  train 0.3520  val 2.9024  (0.2s)
epoch 24  train 0.3509  val 2.9269  (0.2s)
epoch 25  train 0.3504  val 2.9333  (0.2s)
epoch 26  train 0.3483  val 2.9389  (0.2s)
epoch 27  train 0.3484  val 2.9562  (0.2s)
epoch 28  train 0.3469  val 3.0076  (0.2s)
epoch 29  train 0.3453  val 3.0194  (0.2s)
epoch 30  train 0.3447  val 3.0552  (0.2s)
done. best val loss 2.5043. checkpoints + log in process_lm\runs\seedstudy\igbt_real_fd15_s1
LOFO: holding out 'igbt' (train 2000 / OOD-val 1000)
vocab=179  train=2000  val=1000  device=cuda
params=4.85M
epoch  1  train 4.4017  val 4.1181  (0.5s)
epoch  2  train 3.0722  val 3.5015  (0.2s)
epoch  3  train 2.2061  val 3.0354  (0.2s)
epoch  4  train 1.5855  val 2.7108  (0.2s)
epoch  5  train 1.1482  val 2.5526  (0.2s)
epoch  6  train 0.8607  val 2.5081  (0.2s)
epoch  7  train 0.6798  val 2.4949  (0.2s)
epoch  8  train 0.5667  val 2.5244  (0.2s)
epoch  9  train 0.4982  val 2.5567  (0.2s)
epoch 10  train 0.4559  val 2.5873  (0.2s)
epoch 11  train 0.4282  val 2.6198  (0.2s)
epoch 12  train 0.4102  val 2.6395  (0.2s)
epoch 13  train 0.3962  val 2.6948  (0.2s)
epoch 14  train 0.3872  val 2.7446  (0.2s)
epoch 15  train 0.3794  val 2.7692  (0.2s)
epoch 16  train 0.3727  val 2.8032  (0.2s)
epoch 17  train 0.3679  val 2.8074  (0.2s)
epoch 18  train 0.3654  val 2.8369  (0.2s)
epoch 19  train 0.3613  val 2.8655  (0.2s)
epoch 20  train 0.3586  val 2.8990  (0.2s)
epoch 21  train 0.3563  val 2.9054  (0.2s)
epoch 22  train 0.3543  val 2.9388  (0.2s)
epoch 23  train 0.3525  val 2.9658  (0.2s)
epoch 24  train 0.3513  val 2.9843  (0.2s)
epoch 25  train 0.3494  val 3.0158  (0.2s)
epoch 26  train 0.3488  val 3.0196  (0.2s)
epoch 27  train 0.3478  val 3.0641  (0.2s)
epoch 28  train 0.3470  val 3.0703  (0.2s)
epoch 29  train 0.3458  val 3.1026  (0.2s)
epoch 30  train 0.3454  val 3.1282  (0.2s)
done. best val loss 2.4949. checkpoints + log in process_lm\runs\seedstudy\igbt_real_fd15_s2
LOFO: holding out 'igbt' (train 2000 / OOD-val 1000)
vocab=179  train=2000  val=1000  device=cuda
params=4.85M
epoch  1  train 4.4060  val 4.1044  (0.5s)
epoch  2  train 3.1088  val 3.4428  (0.2s)
epoch  3  train 2.2414  val 3.0056  (0.2s)
epoch  4  train 1.6150  val 2.7245  (0.2s)
epoch  5  train 1.1698  val 2.5764  (0.2s)
epoch  6  train 0.8749  val 2.5279  (0.2s)
epoch  7  train 0.6868  val 2.5388  (0.2s)
epoch  8  train 0.5708  val 2.5655  (0.2s)
epoch  9  train 0.5002  val 2.6270  (0.2s)
epoch 10  train 0.4571  val 2.6779  (0.2s)
epoch 11  train 0.4296  val 2.7369  (0.2s)
epoch 12  train 0.4101  val 2.8036  (0.2s)
epoch 13  train 0.3971  val 2.8217  (0.2s)
epoch 14  train 0.3862  val 2.8652  (0.2s)
epoch 15  train 0.3782  val 2.9109  (0.2s)
epoch 16  train 0.3718  val 2.9293  (0.2s)
epoch 17  train 0.3683  val 2.9851  (0.2s)
epoch 18  train 0.3642  val 3.0259  (0.2s)
epoch 19  train 0.3614  val 3.0794  (0.2s)
epoch 20  train 0.3584  val 3.0660  (0.2s)
epoch 21  train 0.3558  val 3.0985  (0.2s)
epoch 22  train 0.3535  val 3.1216  (0.2s)
epoch 23  train 0.3521  val 3.1595  (0.2s)
epoch 24  train 0.3501  val 3.1538  (0.2s)
epoch 25  train 0.3492  val 3.2114  (0.2s)
epoch 26  train 0.3482  val 3.2717  (0.2s)
epoch 27  train 0.3476  val 3.2441  (0.2s)
epoch 28  train 0.3469  val 3.2406  (0.2s)
epoch 29  train 0.3463  val 3.2791  (0.2s)
epoch 30  train 0.3464  val 3.3881  (0.2s)
done. best val loss 2.5279. checkpoints + log in process_lm\runs\seedstudy\igbt_real_fd15_s3
LOFO: holding out 'igbt' (train 2000 / OOD-val 1000)
vocab=179  train=2000  val=1000  device=cuda
params=4.85M
epoch  1  train 4.4383  val 4.1027  (0.5s)
epoch  2  train 3.1282  val 3.4071  (0.2s)
epoch  3  train 2.2536  val 2.9693  (0.2s)
epoch  4  train 1.6256  val 2.7097  (0.2s)
epoch  5  train 1.1766  val 2.5936  (0.2s)
epoch  6  train 0.8791  val 2.5530  (0.2s)
epoch  7  train 0.6911  val 2.5391  (0.2s)
epoch  8  train 0.5742  val 2.5579  (0.2s)
epoch  9  train 0.5032  val 2.5893  (0.2s)
epoch 10  train 0.4585  val 2.6274  (0.2s)
epoch 11  train 0.4301  val 2.6612  (0.2s)
epoch 12  train 0.4105  val 2.6955  (0.2s)
epoch 13  train 0.3968  val 2.7399  (0.2s)
epoch 14  train 0.3866  val 2.7811  (0.2s)
epoch 15  train 0.3795  val 2.8095  (0.2s)
epoch 16  train 0.3725  val 2.8295  (0.2s)
epoch 17  train 0.3675  val 2.8519  (0.2s)
epoch 18  train 0.3637  val 2.8805  (0.2s)
epoch 19  train 0.3608  val 2.9262  (0.2s)
epoch 20  train 0.3582  val 2.9530  (0.2s)
epoch 21  train 0.3553  val 2.9484  (0.2s)
epoch 22  train 0.3538  val 2.9719  (0.2s)
epoch 23  train 0.3521  val 3.0083  (0.2s)
epoch 24  train 0.3508  val 3.0145  (0.2s)
epoch 25  train 0.3500  val 3.0185  (0.2s)
epoch 26  train 0.3487  val 3.0807  (0.2s)
epoch 27  train 0.3471  val 3.1072  (0.2s)
epoch 28  train 0.3467  val 3.1134  (0.2s)
epoch 29  train 0.3458  val 3.1283  (0.2s)
epoch 30  train 0.3456  val 3.1589  (0.2s)
done. best val loss 2.5391. checkpoints + log in process_lm\runs\seedstudy\igbt_real_fd15_s4
SEEDSTUDY_DONE
