LOFO: holding out 'ic' (train 2000 / OOD-val 1000)
vocab=177  train=2000  val=1000  device=cuda
params=4.85M
epoch  1  train 4.3473  val 4.3657  (0.5s)
epoch  2  train 3.0163  val 3.6819  (0.3s)
epoch  3  train 2.1770  val 3.2290  (0.2s)
epoch  4  train 1.5816  val 2.9699  (0.3s)
epoch  5  train 1.1569  val 2.8366  (0.2s)
epoch  6  train 0.8612  val 2.7784  (0.3s)
epoch  7  train 0.6650  val 2.7609  (0.3s)
epoch  8  train 0.5431  val 2.7852  (0.2s)
epoch  9  train 0.4699  val 2.8275  (0.2s)
epoch 10  train 0.4257  val 2.8763  (0.2s)
epoch 11  train 0.3979  val 2.9193  (0.3s)
epoch 12  train 0.3789  val 3.0074  (0.2s)
epoch 13  train 0.3659  val 3.0589  (0.2s)
epoch 14  train 0.3569  val 3.1343  (0.2s)
epoch 15  train 0.3494  val 3.1839  (0.3s)
epoch 16  train 0.3430  val 3.2384  (0.2s)
epoch 17  train 0.3358  val 3.2981  (0.2s)
epoch 18  train 0.3306  val 3.3629  (0.3s)
epoch 19  train 0.3281  val 3.3795  (0.2s)
epoch 20  train 0.3259  val 3.4650  (0.2s)
epoch 21  train 0.3236  val 3.4954  (0.2s)
epoch 22  train 0.3223  val 3.5666  (0.3s)
epoch 23  train 0.3200  val 3.6300  (0.2s)
epoch 24  train 0.3188  val 3.6691  (0.2s)
epoch 25  train 0.3174  val 3.7088  (0.3s)
epoch 26  train 0.3177  val 3.8080  (0.3s)
epoch 27  train 0.3167  val 3.8522  (0.3s)
epoch 28  train 0.3155  val 3.9157  (0.2s)
epoch 29  train 0.3147  val 3.9560  (0.3s)
epoch 30  train 0.3144  val 3.9757  (0.2s)
done. best val loss 2.7609. checkpoints + log in process_lm\runs\seedvar\real_s1
LOFO: holding out 'ic' (train 2000 / OOD-val 1000)
vocab=177  train=2000  val=1000  device=cuda
params=4.85M
epoch  1  train 4.3714  val 4.3347  (0.5s)
epoch  2  train 3.0511  val 3.7728  (0.3s)
epoch  3  train 2.1860  val 3.2690  (0.2s)
epoch  4  train 1.5815  val 2.9734  (0.3s)
epoch  5  train 1.1575  val 2.8119  (0.3s)
epoch  6  train 0.8655  val 2.7139  (0.3s)
epoch  7  train 0.6691  val 2.6677  (0.3s)
epoch  8  train 0.5459  val 2.6526  (0.3s)
epoch  9  train 0.4708  val 2.6697  (0.2s)
epoch 10  train 0.4258  val 2.6859  (0.2s)
epoch 11  train 0.3980  val 2.7348  (0.2s)
epoch 12  train 0.3793  val 2.7940  (0.3s)
epoch 13  train 0.3662  val 2.8420  (0.3s)
epoch 14  train 0.3558  val 2.8905  (0.3s)
epoch 15  train 0.3474  val 2.9273  (0.3s)
epoch 16  train 0.3413  val 2.9496  (0.2s)
epoch 17  train 0.3356  val 3.0106  (0.3s)
epoch 18  train 0.3314  val 3.0151  (0.2s)
epoch 19  train 0.3283  val 3.0739  (0.3s)
epoch 20  train 0.3255  val 3.1178  (0.2s)
epoch 21  train 0.3234  val 3.1325  (0.2s)
epoch 22  train 0.3216  val 3.1894  (0.2s)
epoch 23  train 0.3199  val 3.2048  (0.2s)
epoch 24  train 0.3189  val 3.2287  (0.3s)
epoch 25  train 0.3176  val 3.2990  (0.2s)
epoch 26  train 0.3170  val 3.3279  (0.2s)
epoch 27  train 0.3163  val 3.3726  (0.2s)
epoch 28  train 0.3154  val 3.4099  (0.3s)
epoch 29  train 0.3141  val 3.4528  (0.3s)
epoch 30  train 0.3136  val 3.4483  (0.3s)
done. best val loss 2.6526. checkpoints + log in process_lm\runs\seedvar\real_s2
LOFO: holding out 'ic' (train 2000 / OOD-val 1000)
vocab=177  train=2000  val=1000  device=cuda
params=4.85M
epoch  1  train 4.3493  val 4.3080  (0.5s)
epoch  2  train 3.0448  val 3.7159  (0.2s)
epoch  3  train 2.2054  val 3.2568  (0.2s)
epoch  4  train 1.6053  val 2.9914  (0.2s)
epoch  5  train 1.1737  val 2.8425  (0.2s)
epoch  6  train 0.8736  val 2.7431  (0.2s)
epoch  7  train 0.6745  val 2.6877  (0.2s)
epoch  8  train 0.5498  val 2.6677  (0.3s)
epoch  9  train 0.4740  val 2.6941  (0.2s)
epoch 10  train 0.4277  val 2.7284  (0.2s)
epoch 11  train 0.3992  val 2.7713  (0.2s)
epoch 12  train 0.3800  val 2.8046  (0.3s)
epoch 13  train 0.3673  val 2.8730  (0.2s)
epoch 14  train 0.3569  val 2.9071  (0.2s)
epoch 15  train 0.3485  val 2.9581  (0.3s)
epoch 16  train 0.3420  val 3.0045  (0.2s)
epoch 17  train 0.3370  val 3.0624  (0.2s)
epoch 18  train 0.3320  val 3.0958  (0.2s)
epoch 19  train 0.3276  val 3.1461  (0.2s)
epoch 20  train 0.3258  val 3.1863  (0.2s)
epoch 21  train 0.3238  val 3.2419  (0.2s)
epoch 22  train 0.3214  val 3.2749  (0.2s)
epoch 23  train 0.3196  val 3.3154  (0.3s)
epoch 24  train 0.3185  val 3.3588  (0.2s)
epoch 25  train 0.3177  val 3.3753  (0.2s)
epoch 26  train 0.3166  val 3.4061  (0.3s)
epoch 27  train 0.3163  val 3.4329  (0.2s)
epoch 28  train 0.3156  val 3.4669  (0.3s)
epoch 29  train 0.3152  val 3.4891  (0.3s)
epoch 30  train 0.3143  val 3.4656  (0.3s)
done. best val loss 2.6677. checkpoints + log in process_lm\runs\seedvar\real_s3
LOFO: holding out 'ic' (train 2000 / OOD-val 1000)
vocab=177  train=2000  val=1000  device=cuda
params=4.85M
epoch  1  train 4.3501  val 4.3609  (0.5s)
epoch  2  train 3.0195  val 3.6737  (0.2s)
epoch  3  train 2.1801  val 3.2173  (0.3s)
epoch  4  train 1.5867  val 2.9558  (0.2s)
epoch  5  train 1.1626  val 2.8272  (0.3s)
epoch  6  train 0.8669  val 2.7690  (0.2s)
epoch  7  train 0.6710  val 2.7435  (0.2s)
epoch  8  train 0.5482  val 2.7734  (0.2s)
epoch  9  train 0.4746  val 2.8186  (0.2s)
epoch 10  train 0.4298  val 2.8652  (0.2s)
epoch 11  train 0.4019  val 2.9095  (0.2s)
epoch 12  train 0.3827  val 2.9996  (0.2s)
epoch 13  train 0.3696  val 3.0475  (0.2s)
epoch 14  train 0.3601  val 3.1293  (0.3s)
epoch 15  train 0.3531  val 3.1779  (0.2s)
epoch 16  train 0.3465  val 3.2364  (0.2s)
epoch 17  train 0.3397  val 3.2915  (0.3s)
epoch 18  train 0.3340  val 3.3524  (0.2s)
epoch 19  train 0.3315  val 3.3820  (0.2s)
epoch 20  train 0.3293  val 3.4587  (0.2s)
epoch 21  train 0.3269  val 3.4884  (0.2s)
epoch 22  train 0.3252  val 3.5747  (0.2s)
epoch 23  train 0.3232  val 3.6205  (0.2s)
epoch 24  train 0.3220  val 3.6606  (0.2s)
epoch 25  train 0.3207  val 3.6932  (0.2s)
epoch 26  train 0.3206  val 3.8045  (0.2s)
epoch 27  train 0.3198  val 3.8478  (0.3s)
epoch 28  train 0.3187  val 3.9037  (0.3s)
epoch 29  train 0.3180  val 3.9417  (0.2s)
epoch 30  train 0.3177  val 3.9587  (0.2s)
done. best val loss 2.7435. checkpoints + log in process_lm\runs\seedvar\real_fd15_s1
LOFO: holding out 'ic' (train 2000 / OOD-val 1000)
vocab=177  train=2000  val=1000  device=cuda
params=4.85M
epoch  1  train 4.3718  val 4.3362  (0.5s)
epoch  2  train 3.0521  val 3.7824  (0.2s)
epoch  3  train 2.1895  val 3.2607  (0.3s)
epoch  4  train 1.5856  val 2.9645  (0.2s)
epoch  5  train 1.1621  val 2.8074  (0.3s)
epoch  6  train 0.8709  val 2.7112  (0.3s)
epoch  7  train 0.6746  val 2.6669  (0.3s)
epoch  8  train 0.5508  val 2.6488  (0.2s)
epoch  9  train 0.4752  val 2.6624  (0.2s)
epoch 10  train 0.4300  val 2.6712  (0.2s)
epoch 11  train 0.4021  val 2.7177  (0.3s)
epoch 12  train 0.3833  val 2.7791  (0.2s)
epoch 13  train 0.3697  val 2.8267  (0.2s)
epoch 14  train 0.3594  val 2.8646  (0.2s)
epoch 15  train 0.3509  val 2.9055  (0.2s)
epoch 16  train 0.3447  val 2.9359  (0.3s)
epoch 17  train 0.3390  val 2.9928  (0.2s)
epoch 18  train 0.3350  val 2.9942  (0.2s)
epoch 19  train 0.3315  val 3.0424  (0.2s)
epoch 20  train 0.3286  val 3.0874  (0.2s)
epoch 21  train 0.3266  val 3.1089  (0.3s)
epoch 22  train 0.3248  val 3.1762  (0.3s)
epoch 23  train 0.3231  val 3.1949  (0.2s)
epoch 24  train 0.3223  val 3.2220  (0.2s)
epoch 25  train 0.3208  val 3.2841  (0.2s)
epoch 26  train 0.3203  val 3.3278  (0.2s)
epoch 27  train 0.3196  val 3.3810  (0.3s)
epoch 28  train 0.3187  val 3.4036  (0.3s)
epoch 29  train 0.3173  val 3.4617  (0.2s)
epoch 30  train 0.3170  val 3.4743  (0.2s)
done. best val loss 2.6488. checkpoints + log in process_lm\runs\seedvar\real_fd15_s2
LOFO: holding out 'ic' (train 2000 / OOD-val 1000)
vocab=177  train=2000  val=1000  device=cuda
params=4.85M
epoch  1  train 4.3533  val 4.3125  (0.5s)
epoch  2  train 3.0493  val 3.7092  (0.2s)
epoch  3  train 2.2101  val 3.2564  (0.3s)
epoch  4  train 1.6108  val 3.0004  (0.2s)
epoch  5  train 1.1793  val 2.8487  (0.2s)
epoch  6  train 0.8798  val 2.7486  (0.3s)
epoch  7  train 0.6808  val 2.6894  (0.2s)
epoch  8  train 0.5553  val 2.6709  (0.2s)
epoch  9  train 0.4788  val 2.6998  (0.2s)
epoch 10  train 0.4323  val 2.7331  (0.2s)
epoch 11  train 0.4034  val 2.7762  (0.3s)
epoch 12  train 0.3837  val 2.8059  (0.3s)
epoch 13  train 0.3711  val 2.8707  (0.3s)
epoch 14  train 0.3605  val 2.9079  (0.2s)
epoch 15  train 0.3521  val 2.9501  (0.2s)
epoch 16  train 0.3456  val 2.9931  (0.3s)
epoch 17  train 0.3405  val 3.0376  (0.2s)
epoch 18  train 0.3351  val 3.0772  (0.2s)
epoch 19  train 0.3311  val 3.1212  (0.2s)
epoch 20  train 0.3293  val 3.1631  (0.2s)
epoch 21  train 0.3272  val 3.2033  (0.3s)
epoch 22  train 0.3246  val 3.2505  (0.3s)
epoch 23  train 0.3227  val 3.2985  (0.2s)
epoch 24  train 0.3217  val 3.3303  (0.2s)
epoch 25  train 0.3208  val 3.3581  (0.3s)
epoch 26  train 0.3196  val 3.3777  (0.2s)
epoch 27  train 0.3194  val 3.4136  (0.3s)
epoch 28  train 0.3187  val 3.4282  (0.2s)
epoch 29  train 0.3186  val 3.4616  (0.2s)
epoch 30  train 0.3175  val 3.4427  (0.2s)
done. best val loss 2.6709. checkpoints + log in process_lm\runs\seedvar\real_fd15_s3
SEEDVAR_TRAINING_DONE
