LOFO: holding out 'ic' (train 2000 / OOD-val 1000)
train-limit: capped to 200 real sequences
vocab=177  train=200  val=1000  device=cuda
params=4.85M
epoch  1  train 5.2483  val 5.0376  (0.3s)
epoch  2  train 4.9011  val 4.9132  (0.1s)
epoch  3  train 4.6275  val 4.7792  (0.1s)
epoch  4  train 4.3769  val 4.6151  (0.1s)
epoch  5  train 4.1468  val 4.6153  (0.1s)
epoch  6  train 3.9731  val 4.4517  (0.1s)
epoch  7  train 3.8054  val 4.4007  (0.1s)
epoch  8  train 3.6388  val 4.3328  (0.1s)
epoch  9  train 3.4861  val 4.1972  (0.1s)
epoch 10  train 3.3394  val 4.1268  (0.1s)
epoch 11  train 3.2000  val 4.0856  (0.1s)
epoch 12  train 3.0692  val 4.0150  (0.1s)
epoch 13  train 2.9429  val 3.9508  (0.1s)
epoch 14  train 2.8256  val 3.8787  (0.1s)
epoch 15  train 2.7095  val 3.8169  (0.1s)
epoch 16  train 2.5980  val 3.7716  (0.1s)
epoch 17  train 2.4955  val 3.7006  (0.1s)
epoch 18  train 2.3941  val 3.6408  (0.1s)
epoch 19  train 2.3017  val 3.5912  (0.1s)
epoch 20  train 2.2086  val 3.5447  (0.1s)
epoch 21  train 2.1201  val 3.4999  (0.1s)
epoch 22  train 2.0374  val 3.4558  (0.1s)
epoch 23  train 1.9571  val 3.4064  (0.1s)
epoch 24  train 1.8778  val 3.3599  (0.1s)
epoch 25  train 1.8041  val 3.3261  (0.1s)
epoch 26  train 1.7316  val 3.2933  (0.1s)
epoch 27  train 1.6646  val 3.2543  (0.1s)
epoch 28  train 1.5995  val 3.2107  (0.1s)
epoch 29  train 1.5362  val 3.1776  (0.1s)
epoch 30  train 1.4759  val 3.1470  (0.1s)
epoch 31  train 1.4194  val 3.1113  (0.1s)
epoch 32  train 1.3636  val 3.0729  (0.1s)
epoch 33  train 1.3124  val 3.0384  (0.1s)
epoch 34  train 1.2599  val 3.0048  (0.1s)
epoch 35  train 1.2116  val 2.9719  (0.1s)
epoch 36  train 1.1662  val 2.9440  (0.1s)
epoch 37  train 1.1207  val 2.9196  (0.1s)
epoch 38  train 1.0788  val 2.8967  (0.1s)
epoch 39  train 1.0383  val 2.8725  (0.1s)
epoch 40  train 0.9996  val 2.8503  (0.1s)
done. best val loss 2.8503. checkpoints + log in process_lm\runs\overnight\data200_ic
LOFO: holding out 'ic' (train 2000 / OOD-val 1000)
train-limit: capped to 1000 real sequences
vocab=177  train=1000  val=1000  device=cuda
params=4.85M
epoch  1  train 4.7988  val 4.6343  (0.5s)
epoch  2  train 3.8761  val 4.2509  (0.3s)
epoch  3  train 3.2666  val 3.9862  (0.3s)
epoch  4  train 2.7712  val 3.7645  (0.3s)
epoch  5  train 2.3580  val 3.5465  (0.3s)
epoch  6  train 2.0083  val 3.3541  (0.3s)
epoch  7  train 1.7093  val 3.2069  (0.3s)
epoch  8  train 1.4578  val 3.0754  (0.3s)
epoch  9  train 1.2463  val 2.9498  (0.3s)
epoch 10  train 1.0685  val 2.8553  (0.3s)
epoch 11  train 0.9206  val 2.7950  (0.3s)
epoch 12  train 0.7995  val 2.7511  (0.3s)
epoch 13  train 0.7015  val 2.7069  (0.2s)
epoch 14  train 0.6250  val 2.6787  (0.2s)
epoch 15  train 0.5654  val 2.6676  (0.3s)
epoch 16  train 0.5186  val 2.6757  (0.3s)
epoch 17  train 0.4827  val 2.6741  (0.3s)
epoch 18  train 0.4553  val 2.6878  (0.3s)
epoch 19  train 0.4324  val 2.6986  (0.3s)
epoch 20  train 0.4146  val 2.7140  (0.2s)
epoch 21  train 0.4007  val 2.7240  (0.3s)
epoch 22  train 0.3899  val 2.7579  (0.3s)
epoch 23  train 0.3810  val 2.7706  (0.3s)
epoch 24  train 0.3728  val 2.7818  (0.3s)
epoch 25  train 0.3658  val 2.8055  (0.3s)
epoch 26  train 0.3606  val 2.8328  (0.2s)
epoch 27  train 0.3558  val 2.8612  (0.3s)
epoch 28  train 0.3519  val 2.8526  (0.3s)
epoch 29  train 0.3472  val 2.9148  (0.3s)
epoch 30  train 0.3437  val 2.9397  (0.2s)
epoch 31  train 0.3404  val 2.9544  (0.3s)
epoch 32  train 0.3367  val 2.9657  (0.3s)
epoch 33  train 0.3334  val 2.9925  (0.3s)
epoch 34  train 0.3309  val 3.0093  (0.3s)
epoch 35  train 0.3293  val 3.0306  (0.2s)
epoch 36  train 0.3266  val 3.0376  (0.2s)
epoch 37  train 0.3254  val 3.0638  (0.3s)
epoch 38  train 0.3248  val 3.0714  (0.2s)
epoch 39  train 0.3230  val 3.1048  (0.2s)
epoch 40  train 0.3218  val 3.1255  (0.2s)
done. best val loss 2.6676. checkpoints + log in process_lm\runs\overnight\data1000_ic
LOFO: holding out 'ic' (train 2000 / OOD-val 1000)
scale-up: +3000 extra real sequences (1500/family across ['mosfet', 'igbt'])
vocab=177  train=5000  val=1000  device=cuda
params=4.85M
epoch  1  train 3.4452  val 3.5542  (1.2s)
epoch  2  train 1.5086  val 2.8564  (1.0s)
epoch  3  train 0.7294  val 2.6821  (1.0s)
epoch  4  train 0.4659  val 2.7234  (1.0s)
epoch  5  train 0.3870  val 2.8179  (1.0s)
epoch  6  train 0.3567  val 2.9281  (1.0s)
epoch  7  train 0.3390  val 3.0708  (1.0s)
epoch  8  train 0.3297  val 3.1980  (1.0s)
epoch  9  train 0.3241  val 3.3079  (1.0s)
epoch 10  train 0.3203  val 3.3997  (1.0s)
epoch 11  train 0.3175  val 3.5519  (1.2s)
epoch 12  train 0.3162  val 3.5978  (1.0s)
epoch 13  train 0.3151  val 3.6286  (1.0s)
epoch 14  train 0.3138  val 3.6841  (1.0s)
epoch 15  train 0.3126  val 3.7854  (1.0s)
epoch 16  train 0.3127  val 3.7929  (1.0s)
epoch 17  train 0.3119  val 3.8901  (1.0s)
epoch 18  train 0.3115  val 3.9100  (1.0s)
epoch 19  train 0.3111  val 3.9634  (1.0s)
epoch 20  train 0.3112  val 3.9616  (1.0s)
epoch 21  train 0.3110  val 4.1293  (1.0s)
epoch 22  train 0.3102  val 4.2306  (1.0s)
epoch 23  train 0.3101  val 4.1599  (1.0s)
epoch 24  train 0.3103  val 4.1814  (1.0s)
epoch 25  train 0.3099  val 4.2320  (1.0s)
epoch 26  train 0.3099  val 4.2016  (1.0s)
epoch 27  train 0.3099  val 4.2937  (1.0s)
epoch 28  train 0.3092  val 4.2856  (1.0s)
epoch 29  train 0.3088  val 4.2317  (1.0s)
epoch 30  train 0.3093  val 4.3042  (1.0s)
epoch 31  train 0.3089  val 4.3676  (1.0s)
epoch 32  train 0.3087  val 4.3875  (1.0s)
epoch 33  train 0.3084  val 4.3231  (1.0s)
epoch 34  train 0.3083  val 4.3414  (1.0s)
epoch 35  train 0.3085  val 4.4863  (1.0s)
epoch 36  train 0.3083  val 4.4353  (1.0s)
epoch 37  train 0.3088  val 4.4191  (1.0s)
epoch 38  train 0.3081  val 4.4191  (1.0s)
epoch 39  train 0.3081  val 4.3823  (1.0s)
epoch 40  train 0.3078  val 4.4100  (1.0s)
done. best val loss 2.6821. checkpoints + log in process_lm\runs\overnight\data5000_ic
LOFO: holding out 'ic' (train 2000 / OOD-val 1000)
scale-up: +18000 extra real sequences (9000/family across ['mosfet', 'igbt'])
vocab=177  train=20000  val=1000  device=cuda
params=4.85M
epoch  1  train 1.5520  val 2.7047  (4.1s)
epoch  2  train 0.3549  val 3.2155  (3.8s)
epoch  3  train 0.3204  val 3.6011  (3.8s)
epoch  4  train 0.3142  val 3.8534  (3.8s)
epoch  5  train 0.3120  val 4.0760  (3.8s)
epoch  6  train 0.3108  val 4.3367  (3.8s)
epoch  7  train 0.3100  val 4.4572  (3.9s)
epoch  8  train 0.3095  val 4.5149  (3.9s)
epoch  9  train 0.3091  val 4.7530  (3.9s)
epoch 10  train 0.3094  val 4.7361  (3.9s)
epoch 11  train 0.3084  val 4.7275  (3.9s)
epoch 12  train 0.3084  val 4.8392  (3.9s)
epoch 13  train 0.3081  val 4.8327  (3.9s)
epoch 14  train 0.3082  val 4.8608  (3.9s)
epoch 15  train 0.3080  val 4.7640  (3.9s)
epoch 16  train 0.3078  val 4.7814  (3.9s)
epoch 17  train 0.3076  val 4.9423  (3.9s)
epoch 18  train 0.3076  val 4.7649  (3.9s)
epoch 19  train 0.3076  val 4.7976  (3.9s)
epoch 20  train 0.3074  val 4.7576  (3.9s)
epoch 21  train 0.3074  val 4.6862  (3.9s)
epoch 22  train 0.3073  val 4.5468  (3.9s)
epoch 23  train 0.3074  val 4.7336  (3.9s)
epoch 24  train 0.3073  val 4.6747  (3.9s)
epoch 25  train 0.3072  val 4.7401  (3.9s)
epoch 26  train 0.3071  val 4.7801  (3.9s)
epoch 27  train 0.3070  val 4.7539  (3.9s)
epoch 28  train 0.3070  val 4.7691  (3.9s)
epoch 29  train 0.3071  val 4.7789  (3.9s)
epoch 30  train 0.3070  val 4.7710  (3.9s)
epoch 31  train 0.3069  val 4.6717  (3.9s)
epoch 32  train 0.3067  val 4.7424  (3.9s)
epoch 33  train 0.3068  val 4.8316  (3.9s)
epoch 34  train 0.3068  val 4.9304  (3.9s)
epoch 35  train 0.3067  val 4.8787  (3.9s)
epoch 36  train 0.3067  val 4.9635  (3.9s)
epoch 37  train 0.3066  val 4.9151  (3.9s)
epoch 38  train 0.3067  val 4.8477  (3.9s)
epoch 39  train 0.3065  val 4.8210  (3.9s)
epoch 40  train 0.3065  val 4.8311  (3.9s)
done. best val loss 2.7047. checkpoints + log in process_lm\runs\overnight\data20000_ic
LOFO: holding out 'ic' (train 2000 / OOD-val 1000)
scale-up: +3000 extra real sequences (1500/family across ['mosfet', 'igbt'])
vocab=177  train=5000  val=1000  device=cuda
params=0.45M
epoch  1  train 4.4214  val 4.3607  (0.5s)
epoch  2  train 3.4258  val 3.8405  (0.3s)
epoch  3  train 2.7156  val 3.4096  (0.3s)
epoch  4  train 2.1034  val 3.0986  (0.3s)
epoch  5  train 1.5810  val 2.9116  (0.3s)
epoch  6  train 1.1655  val 2.8461  (0.3s)
epoch  7  train 0.8669  val 2.8647  (0.3s)
epoch  8  train 0.6679  val 2.9130  (0.3s)
epoch  9  train 0.5407  val 3.0036  (0.3s)
epoch 10  train 0.4612  val 3.0736  (0.3s)
epoch 11  train 0.4119  val 3.1919  (0.3s)
epoch 12  train 0.3800  val 3.2872  (0.3s)
epoch 13  train 0.3578  val 3.4791  (0.3s)
epoch 14  train 0.3442  val 3.5967  (0.3s)
epoch 15  train 0.3354  val 3.7211  (0.3s)
epoch 16  train 0.3297  val 3.7835  (0.3s)
epoch 17  train 0.3257  val 3.9317  (0.3s)
epoch 18  train 0.3226  val 4.0128  (0.3s)
epoch 19  train 0.3204  val 4.0533  (0.3s)
epoch 20  train 0.3188  val 4.1522  (0.3s)
epoch 21  train 0.3177  val 4.1648  (0.3s)
epoch 22  train 0.3160  val 4.2698  (0.3s)
epoch 23  train 0.3154  val 4.3417  (0.3s)
epoch 24  train 0.3145  val 4.3701  (0.3s)
epoch 25  train 0.3140  val 4.3470  (0.3s)
epoch 26  train 0.3136  val 4.4394  (0.3s)
epoch 27  train 0.3130  val 4.4563  (0.3s)
epoch 28  train 0.3126  val 4.4883  (0.3s)
epoch 29  train 0.3118  val 4.5109  (0.3s)
epoch 30  train 0.3118  val 4.4921  (0.3s)
epoch 31  train 0.3114  val 4.4788  (0.3s)
epoch 32  train 0.3113  val 4.5606  (0.3s)
epoch 33  train 0.3111  val 4.5808  (0.3s)
epoch 34  train 0.3108  val 4.6610  (0.3s)
epoch 35  train 0.3107  val 4.5482  (0.3s)
epoch 36  train 0.3104  val 4.6005  (0.3s)
epoch 37  train 0.3102  val 4.5706  (0.3s)
epoch 38  train 0.3103  val 4.5741  (0.3s)
epoch 39  train 0.3101  val 4.5750  (0.3s)
epoch 40  train 0.3098  val 4.5572  (0.3s)
done. best val loss 2.8461. checkpoints + log in process_lm\runs\overnight\model_tiny_ic
LOFO: holding out 'ic' (train 2000 / OOD-val 1000)
scale-up: +3000 extra real sequences (1500/family across ['mosfet', 'igbt'])
vocab=177  train=5000  val=1000  device=cuda
params=4.85M
epoch  1  train 3.4452  val 3.5542  (1.3s)
epoch  2  train 1.5086  val 2.8564  (1.0s)
epoch  3  train 0.7294  val 2.6821  (1.0s)
epoch  4  train 0.4659  val 2.7234  (1.0s)
epoch  5  train 0.3870  val 2.8179  (1.0s)
epoch  6  train 0.3567  val 2.9281  (1.0s)
epoch  7  train 0.3390  val 3.0708  (1.0s)
epoch  8  train 0.3297  val 3.1980  (1.0s)
epoch  9  train 0.3241  val 3.3079  (1.0s)
epoch 10  train 0.3203  val 3.3997  (1.0s)
epoch 11  train 0.3175  val 3.5519  (1.0s)
epoch 12  train 0.3162  val 3.5978  (1.0s)
epoch 13  train 0.3151  val 3.6286  (1.0s)
epoch 14  train 0.3138  val 3.6841  (1.0s)
epoch 15  train 0.3126  val 3.7854  (1.0s)
epoch 16  train 0.3127  val 3.7929  (1.0s)
epoch 17  train 0.3119  val 3.8901  (1.0s)
epoch 18  train 0.3115  val 3.9100  (1.0s)
epoch 19  train 0.3111  val 3.9634  (1.0s)
epoch 20  train 0.3112  val 3.9616  (1.0s)
epoch 21  train 0.3110  val 4.1293  (1.0s)
epoch 22  train 0.3102  val 4.2306  (1.0s)
epoch 23  train 0.3101  val 4.1599  (1.0s)
epoch 24  train 0.3103  val 4.1814  (1.0s)
epoch 25  train 0.3099  val 4.2320  (1.0s)
epoch 26  train 0.3099  val 4.2016  (1.0s)
epoch 27  train 0.3099  val 4.2937  (1.0s)
epoch 28  train 0.3092  val 4.2856  (1.0s)
epoch 29  train 0.3088  val 4.2317  (1.0s)
epoch 30  train 0.3093  val 4.3042  (1.0s)
epoch 31  train 0.3089  val 4.3676  (1.0s)
epoch 32  train 0.3087  val 4.3875  (1.0s)
epoch 33  train 0.3084  val 4.3231  (1.0s)
epoch 34  train 0.3083  val 4.3414  (1.0s)
epoch 35  train 0.3085  val 4.4863  (1.0s)
epoch 36  train 0.3083  val 4.4353  (1.0s)
epoch 37  train 0.3088  val 4.4191  (1.0s)
epoch 38  train 0.3081  val 4.4191  (1.0s)
epoch 39  train 0.3081  val 4.3823  (1.0s)
epoch 40  train 0.3078  val 4.4100  (1.0s)
done. best val loss 2.6821. checkpoints + log in process_lm\runs\overnight\model_small_ic
LOFO: holding out 'ic' (train 2000 / OOD-val 1000)
scale-up: +3000 extra real sequences (1500/family across ['mosfet', 'igbt'])
vocab=177  train=5000  val=1000  device=cuda
params=25.44M
epoch  1  train 2.7712  val 2.9943  (3.4s)
epoch  2  train 0.4874  val 2.8471  (3.1s)
epoch  3  train 0.3391  val 3.0048  (3.1s)
epoch  4  train 0.3254  val 3.1561  (3.2s)
epoch  5  train 0.3202  val 3.1583  (3.2s)
epoch  6  train 0.3171  val 3.2571  (3.2s)
epoch  7  train 0.3160  val 3.3160  (3.2s)
epoch  8  train 0.3155  val 3.3338  (3.2s)
epoch  9  train 0.3137  val 3.4021  (3.2s)
epoch 10  train 0.3132  val 3.3587  (3.2s)
epoch 11  train 0.3128  val 3.4664  (3.2s)
epoch 12  train 0.3119  val 3.6754  (3.2s)
epoch 13  train 0.3113  val 3.7117  (3.2s)
epoch 14  train 0.3107  val 3.8128  (3.2s)
epoch 15  train 0.3108  val 3.7747  (3.2s)
epoch 16  train 0.3106  val 3.8689  (3.2s)
epoch 17  train 0.3093  val 3.8178  (3.2s)
epoch 18  train 0.3096  val 3.8920  (3.2s)
epoch 19  train 0.3085  val 3.9692  (3.2s)
epoch 20  train 0.3088  val 4.1431  (3.2s)
epoch 21  train 0.3089  val 4.1089  (3.2s)
epoch 22  train 0.3079  val 4.2124  (3.2s)
epoch 23  train 0.3077  val 4.1913  (3.2s)
epoch 24  train 0.3072  val 4.1476  (3.2s)
epoch 25  train 0.3067  val 4.1253  (3.2s)
epoch 26  train 0.3058  val 4.0636  (3.2s)
epoch 27  train 0.3056  val 4.0060  (3.2s)
epoch 28  train 0.3052  val 4.0538  (3.2s)
epoch 29  train 0.3042  val 4.0742  (3.2s)
epoch 30  train 0.3037  val 4.1752  (3.2s)
epoch 31  train 0.3034  val 4.0275  (3.2s)
epoch 32  train 0.3026  val 4.1448  (3.2s)
epoch 33  train 0.3019  val 4.2160  (3.2s)
epoch 34  train 0.3008  val 4.3295  (3.2s)
epoch 35  train 0.3006  val 4.3916  (3.2s)
epoch 36  train 0.3000  val 4.3405  (3.2s)
epoch 37  train 0.2988  val 4.1883  (3.2s)
epoch 38  train 0.2978  val 4.3333  (3.2s)
epoch 39  train 0.2969  val 4.3494  (3.2s)
epoch 40  train 0.2962  val 4.2478  (3.2s)
done. best val loss 2.8471. checkpoints + log in process_lm\runs\overnight\model_medium_ic
LOFO: holding out 'ic' (train 2000 / OOD-val 1000)
scale-up: +3000 extra real sequences (1500/family across ['mosfet', 'igbt'])
vocab=177  train=5000  val=1000  device=cuda
params=4.85M
epoch  1  train 3.4452  val 3.5542  (1.2s)
epoch  2  train 1.5086  val 2.8564  (1.0s)
epoch  3  train 0.7294  val 2.6821  (1.0s)
epoch  4  train 0.4659  val 2.7234  (1.0s)
epoch  5  train 0.3870  val 2.8179  (1.0s)
epoch  6  train 0.3567  val 2.9281  (1.0s)
epoch  7  train 0.3390  val 3.0708  (1.0s)
epoch  8  train 0.3297  val 3.1980  (1.0s)
epoch  9  train 0.3241  val 3.3079  (1.0s)
epoch 10  train 0.3203  val 3.3997  (1.0s)
epoch 11  train 0.3175  val 3.5519  (1.0s)
epoch 12  train 0.3162  val 3.5978  (1.0s)
epoch 13  train 0.3151  val 3.6286  (1.0s)
epoch 14  train 0.3138  val 3.6841  (1.0s)
epoch 15  train 0.3126  val 3.7854  (1.0s)
epoch 16  train 0.3127  val 3.7929  (1.0s)
epoch 17  train 0.3119  val 3.8901  (1.0s)
epoch 18  train 0.3115  val 3.9100  (1.0s)
epoch 19  train 0.3111  val 3.9634  (1.0s)
epoch 20  train 0.3112  val 3.9616  (1.0s)
epoch 21  train 0.3110  val 4.1293  (1.0s)
epoch 22  train 0.3102  val 4.2306  (1.0s)
epoch 23  train 0.3101  val 4.1599  (1.0s)
epoch 24  train 0.3103  val 4.1814  (1.0s)
epoch 25  train 0.3099  val 4.2320  (1.0s)
epoch 26  train 0.3099  val 4.2016  (1.0s)
epoch 27  train 0.3099  val 4.2937  (1.0s)
epoch 28  train 0.3092  val 4.2856  (1.0s)
epoch 29  train 0.3088  val 4.2317  (1.0s)
epoch 30  train 0.3093  val 4.3042  (1.0s)
epoch 31  train 0.3089  val 4.3676  (1.0s)
epoch 32  train 0.3087  val 4.3875  (1.0s)
epoch 33  train 0.3084  val 4.3231  (1.0s)
epoch 34  train 0.3083  val 4.3414  (1.0s)
epoch 35  train 0.3085  val 4.4863  (1.0s)
epoch 36  train 0.3083  val 4.4353  (1.0s)
epoch 37  train 0.3088  val 4.4191  (1.0s)
epoch 38  train 0.3081  val 4.4191  (1.0s)
epoch 39  train 0.3081  val 4.3823  (1.0s)
epoch 40  train 0.3078  val 4.4100  (1.0s)
done. best val loss 2.6821. checkpoints + log in process_lm\runs\overnight\hybrid0_ic
LOFO: holding out 'ic' (train 2000 / OOD-val 1000)
scale-up: +3000 extra real sequences (1500/family across ['mosfet', 'igbt'])
augment: +2000 hybrid routes (pool=['mosfet', 'igbt'], tag=random) -> train 7000
vocab=177  train=7000  val=1000  device=cuda
params=4.85M
epoch  1  train 3.0038  val 3.1768  (1.6s)
epoch  2  train 0.9997  val 2.6664  (1.4s)
epoch  3  train 0.4932  val 2.7004  (1.4s)
epoch  4  train 0.3899  val 2.8483  (1.4s)
epoch  5  train 0.3574  val 2.9823  (1.4s)
epoch  6  train 0.3412  val 3.1225  (1.4s)
epoch  7  train 0.3347  val 3.2139  (1.4s)
epoch  8  train 0.3309  val 3.3645  (1.4s)
epoch  9  train 0.3283  val 3.4292  (1.4s)
epoch 10  train 0.3264  val 3.4731  (1.4s)
epoch 11  train 0.3250  val 3.5050  (1.4s)
epoch 12  train 0.3243  val 3.6373  (1.4s)
epoch 13  train 0.3237  val 3.6423  (1.4s)
epoch 14  train 0.3227  val 3.7414  (1.4s)
epoch 15  train 0.3223  val 3.7534  (1.4s)
epoch 16  train 0.3220  val 3.6809  (1.4s)
epoch 17  train 0.3213  val 3.7696  (1.4s)
epoch 18  train 0.3210  val 3.8035  (1.4s)
epoch 19  train 0.3204  val 3.7176  (1.4s)
epoch 20  train 0.3203  val 3.8447  (1.4s)
epoch 21  train 0.3202  val 3.9206  (1.4s)
epoch 22  train 0.3201  val 3.8438  (1.4s)
epoch 23  train 0.3199  val 3.9346  (1.4s)
epoch 24  train 0.3195  val 3.9629  (1.4s)
epoch 25  train 0.3194  val 3.9126  (1.4s)
epoch 26  train 0.3196  val 3.9795  (1.4s)
epoch 27  train 0.3190  val 3.8586  (1.4s)
epoch 28  train 0.3191  val 3.9864  (1.4s)
epoch 29  train 0.3188  val 3.9517  (1.4s)
epoch 30  train 0.3189  val 3.8914  (1.4s)
epoch 31  train 0.3187  val 3.7830  (1.4s)
epoch 32  train 0.3188  val 3.9180  (1.4s)
epoch 33  train 0.3185  val 3.9723  (1.4s)
epoch 34  train 0.3186  val 4.0326  (1.4s)
epoch 35  train 0.3182  val 4.0143  (1.4s)
epoch 36  train 0.3182  val 3.9391  (1.4s)
epoch 37  train 0.3182  val 4.0595  (1.4s)
epoch 38  train 0.3180  val 4.0554  (1.4s)
epoch 39  train 0.3180  val 4.2289  (1.4s)
epoch 40  train 0.3183  val 3.9883  (1.4s)
done. best val loss 2.6664. checkpoints + log in process_lm\runs\overnight\hybrid2000_ic
LOFO: holding out 'ic' (train 2000 / OOD-val 1000)
scale-up: +3000 extra real sequences (1500/family across ['mosfet', 'igbt'])
augment: +8000 hybrid routes (pool=['mosfet', 'igbt'], tag=random) -> train 13000
vocab=177  train=13000  val=1000  device=cuda
params=4.85M
epoch  1  train 2.1215  val 2.6770  (2.8s)
epoch  2  train 0.4836  val 2.7619  (2.5s)
epoch  3  train 0.3657  val 3.0292  (2.6s)
epoch  4  train 0.3437  val 3.2389  (2.5s)
epoch  5  train 0.3371  val 3.3772  (2.6s)
epoch  6  train 0.3336  val 3.4513  (2.5s)
epoch  7  train 0.3318  val 3.6316  (2.5s)
epoch  8  train 0.3307  val 3.6094  (2.5s)
epoch  9  train 0.3300  val 3.7096  (2.6s)
epoch 10  train 0.3292  val 3.8251  (2.5s)
epoch 11  train 0.3289  val 3.9046  (2.5s)
epoch 12  train 0.3285  val 3.9917  (2.5s)
epoch 13  train 0.3280  val 3.9376  (2.5s)
epoch 14  train 0.3277  val 4.0571  (2.6s)
epoch 15  train 0.3276  val 4.1219  (2.5s)
epoch 16  train 0.3271  val 4.0610  (2.6s)
epoch 17  train 0.3271  val 4.0658  (2.6s)
epoch 18  train 0.3269  val 4.0946  (2.6s)
epoch 19  train 0.3266  val 3.9907  (2.5s)
epoch 20  train 0.3266  val 3.9911  (2.6s)
epoch 21  train 0.3263  val 3.8662  (2.6s)
epoch 22  train 0.3264  val 4.1474  (2.6s)
epoch 23  train 0.3262  val 4.0584  (2.6s)
epoch 24  train 0.3261  val 3.9697  (2.6s)
epoch 25  train 0.3262  val 4.1484  (2.6s)
epoch 26  train 0.3259  val 4.1241  (2.6s)
epoch 27  train 0.3259  val 4.1176  (2.6s)
epoch 28  train 0.3259  val 3.9663  (2.6s)
epoch 29  train 0.3258  val 4.1102  (2.6s)
epoch 30  train 0.3256  val 4.1052  (2.6s)
epoch 31  train 0.3255  val 4.2097  (2.6s)
epoch 32  train 0.3255  val 4.1848  (2.6s)
epoch 33  train 0.3255  val 4.1159  (2.6s)
epoch 34  train 0.3255  val 4.1631  (2.6s)
epoch 35  train 0.3253  val 4.1120  (2.6s)
epoch 36  train 0.3254  val 4.2017  (2.6s)
epoch 37  train 0.3252  val 4.2323  (2.6s)
epoch 38  train 0.3251  val 4.1223  (2.6s)
epoch 39  train 0.3250  val 4.2225  (2.6s)
epoch 40  train 0.3251  val 4.2148  (2.6s)
done. best val loss 2.6770. checkpoints + log in process_lm\runs\overnight\hybrid8000_ic
LOFO: holding out 'ic' (train 2000 / OOD-val 1000)
scale-up: +3000 extra real sequences (1500/family across ['mosfet', 'igbt'])
augment: +20000 hybrid routes (pool=['mosfet', 'igbt'], tag=random) -> train 25000
vocab=177  train=25000  val=1000  device=cuda
params=4.85M
epoch  1  train 1.3416  val 2.7355  (5.1s)
epoch  2  train 0.3604  val 3.2535  (4.8s)
epoch  3  train 0.3388  val 3.5519  (4.8s)
epoch  4  train 0.3345  val 3.7199  (4.8s)
epoch  5  train 0.3328  val 3.9162  (4.8s)
epoch  6  train 0.3318  val 4.1829  (4.8s)
epoch  7  train 0.3313  val 4.2489  (4.9s)
epoch  8  train 0.3309  val 4.1763  (4.9s)
epoch  9  train 0.3306  val 4.2416  (4.9s)
epoch 10  train 0.3302  val 4.1676  (4.8s)
epoch 11  train 0.3299  val 4.1497  (4.9s)
epoch 12  train 0.3295  val 4.3098  (4.9s)
epoch 13  train 0.3295  val 4.4118  (4.9s)
epoch 14  train 0.3293  val 4.3259  (4.9s)
epoch 15  train 0.3292  val 4.2844  (4.9s)
epoch 16  train 0.3291  val 4.2095  (4.9s)
epoch 17  train 0.3289  val 4.2365  (4.9s)
epoch 18  train 0.3289  val 4.4697  (4.9s)
epoch 19  train 0.3289  val 4.4091  (4.9s)
epoch 20  train 0.3288  val 4.3893  (4.9s)
epoch 21  train 0.3286  val 4.3440  (4.9s)
epoch 22  train 0.3287  val 4.3227  (4.9s)
epoch 23  train 0.3286  val 4.4672  (4.9s)
epoch 24  train 0.3285  val 4.4101  (5.0s)
epoch 25  train 0.3285  val 4.4760  (4.9s)
epoch 26  train 0.3284  val 4.3723  (4.9s)
epoch 27  train 0.3283  val 4.3907  (4.9s)
epoch 28  train 0.3283  val 4.4289  (4.9s)
epoch 29  train 0.3283  val 4.3835  (4.9s)
epoch 30  train 0.3282  val 4.3697  (4.9s)
epoch 31  train 0.3282  val 4.4701  (4.9s)
epoch 32  train 0.3281  val 4.5777  (4.9s)
epoch 33  train 0.3281  val 4.5205  (4.9s)
epoch 34  train 0.3280  val 4.4420  (4.9s)
epoch 35  train 0.3280  val 4.6585  (4.9s)
epoch 36  train 0.3280  val 4.4931  (4.9s)
epoch 37  train 0.3279  val 4.5884  (4.9s)
epoch 38  train 0.3279  val 4.4760  (4.9s)
epoch 39  train 0.3278  val 4.5042  (4.9s)
epoch 40  train 0.3278  val 4.4987  (4.9s)
done. best val loss 2.7355. checkpoints + log in process_lm\runs\overnight\hybrid20000_ic
device=cuda  hold_out=ic  epochs=40
grid: 12 runs

[train:data200_ic] 40 --out-dir process_lm\runs\overnight\data200_ic --hold-out-family ic --batch-size 256 --n-layer 6 --n-embd 256 --n-head 8 --train-limit 200
[done:data200_ic] params=4.8M  ID_top1=0.635  OOD_top1=0.500  OOD_valid=0.713  OOD_ppl=17.42

[train:data1000_ic] 40 --out-dir process_lm\runs\overnight\data1000_ic --hold-out-family ic --batch-size 256 --n-layer 6 --n-embd 256 --n-head 8 --train-limit 1000
[done:data1000_ic] params=4.8M  ID_top1=0.735  OOD_top1=0.620  OOD_valid=0.988  OOD_ppl=14.52

[train:data5000_ic] 40 --out-dir process_lm\runs\overnight\data5000_ic --hold-out-family ic --batch-size 256 --n-layer 6 --n-embd 256 --n-head 8 --extra-per-family 1500
[done:data5000_ic] params=4.8M  ID_top1=0.740  OOD_top1=0.620  OOD_valid=0.963  OOD_ppl=14.73

[train:data20000_ic] 40 --out-dir process_lm\runs\overnight\data20000_ic --hold-out-family ic --batch-size 256 --n-layer 6 --n-embd 256 --n-head 8 --extra-per-family 9000
[done:data20000_ic] params=4.8M  ID_top1=0.740  OOD_top1=0.595  OOD_valid=0.988  OOD_ppl=15.11

[train:model_tiny_ic] 40 --out-dir process_lm\runs\overnight\model_tiny_ic --hold-out-family ic --batch-size 256 --n-layer 2 --n-embd 128 --n-head 4 --extra-per-family 1500
[done:model_tiny_ic] params=0.5M  ID_top1=0.700  OOD_top1=0.480  OOD_valid=0.512  OOD_ppl=17.41

[train:model_small_ic] 40 --out-dir process_lm\runs\overnight\model_small_ic --hold-out-family ic --batch-size 256 --n-layer 6 --n-embd 256 --n-head 8 --extra-per-family 1500
[done:model_small_ic] params=4.8M  ID_top1=0.740  OOD_top1=0.620  OOD_valid=0.963  OOD_ppl=14.73

[train:model_medium_ic] 40 --out-dir process_lm\runs\overnight\model_medium_ic --hold-out-family ic --batch-size 256 --n-layer 8 --n-embd 512 --n-head 8 --extra-per-family 1500
[done:model_medium_ic] params=25.4M  ID_top1=0.695  OOD_top1=0.625  OOD_valid=0.950  OOD_ppl=17.30

[train:model_large_ic] 40 --out-dir process_lm\runs\overnight\model_large_ic --hold-out-family ic --batch-size 256 --n-layer 12 --n-embd 768 --n-head 12 --extra-per-family 1500
[FAIL:model_large_ic] Command '['C:\\Users\\nicol\\Projects\\zero_one_hack_01\\.venv\\Scripts\\python.exe', '-m', 'process_lm.train', '--epochs', '40', '--out-dir', 'process_lm\\runs\\overnight\\model_large_ic', '--hold-out-family', 'ic', '--batch-size', '256', '--n-layer', '12', '--n-embd', '768', '--n-head', '12', '--extra-per-family', '1500']' returned non-zero exit status 4294967295. — continuing

[train:hybrid0_ic] 40 --out-dir process_lm\runs\overnight\hybrid0_ic --hold-out-family ic --batch-size 256 --n-layer 6 --n-embd 256 --n-head 8 --extra-per-family 1500
[done:hybrid0_ic] params=4.8M  ID_top1=0.740  OOD_top1=0.620  OOD_valid=0.963  OOD_ppl=14.73

[train:hybrid2000_ic] 40 --out-dir process_lm\runs\overnight\hybrid2000_ic --hold-out-family ic --batch-size 256 --n-layer 6 --n-embd 256 --n-head 8 --extra-per-family 1500 --add-hybrids 2000 --hybrid-tag random
[done:hybrid2000_ic] params=4.8M  ID_top1=0.720  OOD_top1=0.545  OOD_valid=0.900  OOD_ppl=14.49

[train:hybrid8000_ic] 40 --out-dir process_lm\runs\overnight\hybrid8000_ic --hold-out-family ic --batch-size 256 --n-layer 6 --n-embd 256 --n-head 8 --extra-per-family 1500 --add-hybrids 8000 --hybrid-tag random
[done:hybrid8000_ic] params=4.8M  ID_top1=0.710  OOD_top1=0.580  OOD_valid=0.850  OOD_ppl=14.64

[train:hybrid20000_ic] 40 --out-dir process_lm\runs\overnight\hybrid20000_ic --hold-out-family ic --batch-size 256 --n-layer 6 --n-embd 256 --n-head 8 --extra-per-family 1500 --add-hybrids 20000 --hybrid-tag random
[done:hybrid20000_ic] params=4.8M  ID_top1=0.720  OOD_top1=0.585  OOD_valid=1.000  OOD_ppl=15.56

ALL DONE. Results: process_lm\runs\overnight\results.jsonl
Summarize in the morning with:  python -m process_lm.overnight_report
