[setup] creating venv with uv
Using CPython 3.13.5
Creating virtual environment at: .venv
Activate with: source .venv/Scripts/activate
[setup] installing torch cu128 (Blackwell sm_120 support)
Resolved 10 packages in 1.85s
Downloading sympy (6.0MiB)
Downloading networkx (2.0MiB)
Downloading torch (2.6GiB)
 Downloaded networkx
 Downloaded sympy
 Downloaded torch
Prepared 10 packages in 30.22s
Installed 10 packages in 6.88s
 + filelock==3.29.0
 + fsspec==2026.4.0
 + jinja2==3.1.6
 + markupsafe==3.0.3
 + mpmath==1.3.0
 + networkx==3.6.1
 + setuptools==70.2.0
 + sympy==1.14.0
 + torch==2.11.0+cu128
 + typing-extensions==4.15.0
[setup] verifying CUDA + a real GPU kernel
C:\Users\nicol\Projects\zero_one_hack_01\.venv\Lib\site-packages\torch\_subclasses\functional_tensor.py:307: UserWarning: Failed to initialize NumPy: No module named 'numpy' (Triggered internally at C:\actions-runner\_work\pytorch\pytorch\pytorch\torch\csrc\utils\tensor_numpy.cpp:84.)
  cpu = _conversion_method_template(device=torch.device("cpu"))
torch 2.11.0+cu128
cuda_avail True
device NVIDIA GeForce RTX 5090
capability (12, 0)
gpu_matmul_ok sum= 75320.2 in 0.196 s
[setup] DONE_OK
