Resolved 11 packages in 214ms
Downloading matplotlib (7.8MiB)
Downloading fonttools (2.2MiB)
Downloading numpy (11.7MiB)
 Downloaded fonttools
 Downloaded matplotlib
 Downloaded numpy
Prepared 5 packages in 683ms
Installed 11 packages in 409ms
 + contourpy==1.3.3
 + cycler==0.12.1
 + fonttools==4.63.0
 + kiwisolver==1.5.0
 + matplotlib==3.10.9
 + numpy==2.4.6
 + packaging==26.2
 + pillow==12.2.0
 + pyparsing==3.3.2
 + python-dateutil==2.9.0.post0
 + six==1.17.0
=== import + runguard + generator test ===
self_alive True
dead_pid_alive False
hybrids 5 all_valid True
IMPORTS_OK
=== SMOKE START ===
LOFO: holding out 'ic' (train 2000 / OOD-val 1000)
train-limit: capped to 200 real sequences
vocab=177  train=200  val=1000  device=cuda
params=0.45M
epoch  1  train 5.1386  val 5.0543  (0.2s)
epoch  2  train 4.9103  val 4.9489  (0.0s)
epoch  3  train 4.7296  val 4.8421  (0.0s)
done. best val loss 4.8421. checkpoints + log in process_lm\runs\overnight\smoke_data200_ic
LOFO: holding out 'ic' (train 2000 / OOD-val 1000)
augment: +2000 hybrid routes (pool=['mosfet', 'igbt'], tag=random) -> train 4000
vocab=177  train=4000  val=1000  device=cuda
params=0.45M
epoch  1  train 4.1223  val 4.0197  (0.4s)
epoch  2  train 2.8119  val 3.3120  (0.2s)
epoch  3  train 1.8725  val 2.8956  (0.2s)
done. best val loss 2.8956. checkpoints + log in process_lm\runs\overnight\smoke_hybrid2k_ic
device=cuda  hold_out=ic  epochs=25
grid: 2 runs

[train:smoke_data200_ic] 3 --out-dir process_lm\runs\overnight\smoke_data200_ic --hold-out-family ic --batch-size 128 --n-layer 2 --n-embd 128 --n-head 4 --train-limit 200
[done:smoke_data200_ic] params=0.5M  ID_top1=0.055  OOD_top1=0.050  OOD_valid=0.062  OOD_ppl=126.95

[train:smoke_hybrid2k_ic] 3 --out-dir process_lm\runs\overnight\smoke_hybrid2k_ic --hold-out-family ic --batch-size 128 --n-layer 2 --n-embd 128 --n-head 4 --add-hybrids 2000 --hybrid-tag random
[done:smoke_hybrid2k_ic] params=0.5M  ID_top1=0.690  OOD_top1=0.440  OOD_valid=0.475  OOD_ppl=18.27

ALL DONE. Results: process_lm\runs\overnight\results.jsonl
Summarize in the morning with:  python -m process_lm.overnight_report
=== SMOKE_DONE_OK ===
